{"/home/travis/build/npmtest/node-npmtest-csvjson/test.js":{"path":"/home/travis/build/npmtest/node-npmtest-csvjson/test.js","s":{"1":2,"2":2,"3":2,"4":2,"5":2,"6":2,"7":2,"8":1,"9":2,"10":2,"11":1,"12":1,"13":1,"14":1,"15":2,"16":2,"17":2,"18":2,"19":1,"20":1,"21":2,"22":2,"23":2,"24":1,"25":1,"26":1,"27":1,"28":1,"29":1,"30":1,"31":1,"32":1,"33":1,"34":1,"35":1,"36":1,"37":2,"38":2,"39":1,"40":2,"41":2,"42":1,"43":2,"44":2,"45":1,"46":2,"47":2,"48":1,"49":1,"50":1,"51":1,"52":1},"b":{"1":[2,1,1,1],"2":[1,1,1,1],"3":[1,1],"4":[1,1],"5":[1,1],"6":[1,1],"7":[1,1],"8":[1,1],"9":[1,1,1],"10":[1,1],"11":[1,1],"12":[1,1],"13":[1,1],"14":[1,1],"15":[1,1],"16":[1,1]},"f":{"1":2,"2":2,"3":2,"4":2,"5":2,"6":1,"7":1,"8":2,"9":2,"10":2,"11":2,"12":1},"fnMap":{"1":{"name":"(anonymous_1)","line":12,"loc":{"start":{"line":12,"column":1},"end":{"line":12,"column":13}}},"2":{"name":"(anonymous_2)","line":19,"loc":{"start":{"line":19,"column":5},"end":{"line":19,"column":17}}},"3":{"name":"(anonymous_3)","line":23,"loc":{"start":{"line":23,"column":24},"end":{"line":23,"column":36}}},"4":{"name":"(anonymous_4)","line":61,"loc":{"start":{"line":61,"column":5},"end":{"line":61,"column":17}}},"5":{"name":"(anonymous_5)","line":82,"loc":{"start":{"line":82,"column":5},"end":{"line":82,"column":17}}},"6":{"name":"(anonymous_6)","line":102,"loc":{"start":{"line":102,"column":83},"end":{"line":105,"column":10}},"skip":true},"7":{"name":"(anonymous_7)","line":113,"loc":{"start":{"line":113,"column":77},"end":{"line":116,"column":10}},"skip":true},"8":{"name":"(anonymous_8)","line":129,"loc":{"start":{"line":129,"column":12},"end":{"line":129,"column":40}},"skip":true},"9":{"name":"(anonymous_9)","line":137,"loc":{"start":{"line":137,"column":77},"end":{"line":140,"column":10}},"skip":true},"10":{"name":"(anonymous_10)","line":148,"loc":{"start":{"line":148,"column":83},"end":{"line":151,"column":10}},"skip":true},"11":{"name":"(anonymous_11)","line":159,"loc":{"start":{"line":159,"column":79},"end":{"line":162,"column":10}},"skip":true},"12":{"name":"(anonymous_12)","line":170,"loc":{"start":{"line":170,"column":75},"end":{"line":173,"column":10}},"skip":true}},"statementMap":{"1":{"start":{"line":12,"column":0},"end":{"line":185,"column":5}},"2":{"start":{"line":14,"column":4},"end":{"line":14,"column":14}},"3":{"start":{"line":19,"column":4},"end":{"line":56,"column":9}},"4":{"start":{"line":21,"column":8},"end":{"line":21,"column":19}},"5":{"start":{"line":23,"column":8},"end":{"line":35,"column":13}},"6":{"start":{"line":24,"column":12},"end":{"line":34,"column":13}},"7":{"start":{"line":25,"column":16},"end":{"line":28,"column":30}},"8":{"start":{"line":30,"column":16},"end":{"line":33,"column":27}},"9":{"start":{"line":37,"column":8},"end":{"line":39,"column":21}},"10":{"start":{"line":40,"column":8},"end":{"line":53,"column":9}},"11":{"start":{"line":43,"column":12},"end":{"line":46,"column":14}},"12":{"start":{"line":47,"column":12},"end":{"line":47,"column":18}},"13":{"start":{"line":50,"column":12},"end":{"line":51,"column":46}},"14":{"start":{"line":52,"column":12},"end":{"line":52,"column":18}},"15":{"start":{"line":55,"column":8},"end":{"line":55,"column":35}},"16":{"start":{"line":61,"column":4},"end":{"line":63,"column":9}},"17":{"start":{"line":62,"column":8},"end":{"line":62,"column":15}},"18":{"start":{"line":64,"column":4},"end":{"line":77,"column":5}},"19":{"start":{"line":70,"column":8},"end":{"line":70,"column":14}},"20":{"start":{"line":76,"column":8},"end":{"line":76,"column":14}},"21":{"start":{"line":82,"column":4},"end":{"line":84,"column":9}},"22":{"start":{"line":83,"column":8},"end":{"line":83,"column":15}},"23":{"start":{"line":85,"column":4},"end":{"line":184,"column":5}},"24":{"start":{"line":92,"column":8},"end":{"line":94,"column":63}},"25":{"start":{"line":95,"column":8},"end":{"line":95,"column":14}},"26":{"start":{"line":102,"column":8},"end":{"line":111,"column":10},"skip":true},"27":{"start":{"line":109,"column":12},"end":{"line":109,"column":55},"skip":true},"28":{"start":{"line":110,"column":12},"end":{"line":110,"column":48},"skip":true},"29":{"start":{"line":113,"column":8},"end":{"line":126,"column":10},"skip":true},"30":{"start":{"line":120,"column":12},"end":{"line":120,"column":76},"skip":true},"31":{"start":{"line":121,"column":12},"end":{"line":121,"column":73},"skip":true},"32":{"start":{"line":122,"column":12},"end":{"line":122,"column":74},"skip":true},"33":{"start":{"line":123,"column":12},"end":{"line":123,"column":79},"skip":true},"34":{"start":{"line":124,"column":12},"end":{"line":124,"column":25},"skip":true},"35":{"start":{"line":125,"column":12},"end":{"line":125,"column":45},"skip":true},"36":{"start":{"line":128,"column":8},"end":{"line":135,"column":14},"skip":true},"37":{"start":{"line":133,"column":16},"end":{"line":133,"column":29},"skip":true},"38":{"start":{"line":134,"column":16},"end":{"line":134,"column":55},"skip":true},"39":{"start":{"line":137,"column":8},"end":{"line":146,"column":10},"skip":true},"40":{"start":{"line":144,"column":12},"end":{"line":144,"column":25},"skip":true},"41":{"start":{"line":145,"column":12},"end":{"line":145,"column":45},"skip":true},"42":{"start":{"line":148,"column":8},"end":{"line":157,"column":10},"skip":true},"43":{"start":{"line":155,"column":12},"end":{"line":155,"column":25},"skip":true},"44":{"start":{"line":156,"column":12},"end":{"line":156,"column":48},"skip":true},"45":{"start":{"line":159,"column":8},"end":{"line":168,"column":10},"skip":true},"46":{"start":{"line":166,"column":12},"end":{"line":166,"column":25},"skip":true},"47":{"start":{"line":167,"column":12},"end":{"line":167,"column":46},"skip":true},"48":{"start":{"line":170,"column":8},"end":{"line":179,"column":10},"skip":true},"49":{"start":{"line":177,"column":12},"end":{"line":177,"column":94},"skip":true},"50":{"start":{"line":178,"column":12},"end":{"line":178,"column":48},"skip":true},"51":{"start":{"line":182,"column":8},"end":{"line":182,"column":35},"skip":true},"52":{"start":{"line":183,"column":8},"end":{"line":183,"column":14},"skip":true}},"branchMap":{"1":{"line":25,"type":"binary-expr","locations":[{"start":{"line":25,"column":23},"end":{"line":25,"column":62}},{"start":{"line":26,"column":20},"end":{"line":26,"column":70}},{"start":{"line":27,"column":20},"end":{"line":27,"column":71}},{"start":{"line":28,"column":20},"end":{"line":28,"column":29}}]},"2":{"line":30,"type":"binary-expr","locations":[{"start":{"line":30,"column":23},"end":{"line":30,"column":37}},{"start":{"line":31,"column":20},"end":{"line":31,"column":61}},{"start":{"line":32,"column":20},"end":{"line":32,"column":70}},{"start":{"line":33,"column":20},"end":{"line":33,"column":26}}]},"3":{"line":37,"type":"cond-expr","locations":[{"start":{"line":38,"column":14},"end":{"line":38,"column":20}},{"start":{"line":39,"column":14},"end":{"line":39,"column":20}}]},"4":{"line":40,"type":"switch","locations":[{"start":{"line":42,"column":8},"end":{"line":47,"column":18}},{"start":{"line":49,"column":8},"end":{"line":52,"column":18}}]},"5":{"line":44,"type":"binary-expr","locations":[{"start":{"line":44,"column":16},"end":{"line":44,"column":44}},{"start":{"line":44,"column":48},"end":{"line":44,"column":66}}]},"6":{"line":50,"type":"binary-expr","locations":[{"start":{"line":50,"column":21},"end":{"line":50,"column":49}},{"start":{"line":50,"column":53},"end":{"line":50,"column":72}}]},"7":{"line":64,"type":"switch","locations":[{"start":{"line":69,"column":4},"end":{"line":70,"column":14}},{"start":{"line":75,"column":4},"end":{"line":76,"column":14}}]},"8":{"line":85,"type":"switch","locations":[{"start":{"line":90,"column":4},"end":{"line":95,"column":14}},{"start":{"line":101,"column":4},"end":{"line":183,"column":14},"skip":true}]},"9":{"line":92,"type":"binary-expr","locations":[{"start":{"line":92,"column":18},"end":{"line":92,"column":32}},{"start":{"line":93,"column":12},"end":{"line":93,"column":53}},{"start":{"line":94,"column":12},"end":{"line":94,"column":61}}]},"10":{"line":102,"type":"binary-expr","locations":[{"start":{"line":102,"column":45},"end":{"line":102,"column":79},"skip":true},{"start":{"line":102,"column":83},"end":{"line":111,"column":9},"skip":true}]},"11":{"line":113,"type":"binary-expr","locations":[{"start":{"line":113,"column":42},"end":{"line":113,"column":73},"skip":true},{"start":{"line":113,"column":77},"end":{"line":126,"column":9},"skip":true}]},"12":{"line":128,"type":"binary-expr","locations":[{"start":{"line":128,"column":48},"end":{"line":128,"column":85},"skip":true},{"start":{"line":129,"column":12},"end":{"line":135,"column":13},"skip":true}]},"13":{"line":137,"type":"binary-expr","locations":[{"start":{"line":137,"column":42},"end":{"line":137,"column":73},"skip":true},{"start":{"line":137,"column":77},"end":{"line":146,"column":9},"skip":true}]},"14":{"line":148,"type":"binary-expr","locations":[{"start":{"line":148,"column":45},"end":{"line":148,"column":79},"skip":true},{"start":{"line":148,"column":83},"end":{"line":157,"column":9},"skip":true}]},"15":{"line":159,"type":"binary-expr","locations":[{"start":{"line":159,"column":43},"end":{"line":159,"column":75},"skip":true},{"start":{"line":159,"column":79},"end":{"line":168,"column":9},"skip":true}]},"16":{"line":170,"type":"binary-expr","locations":[{"start":{"line":170,"column":41},"end":{"line":170,"column":71},"skip":true},{"start":{"line":170,"column":75},"end":{"line":179,"column":9},"skip":true}]}},"code":["/* istanbul instrument in package npmtest_csvjson */","/*jslint","    bitwise: true,","    browser: true,","    maxerr: 8,","    maxlen: 96,","    node: true,","    nomen: true,","    regexp: true,","    stupid: true","*/","(function () {","    'use strict';","    var local;","","","","    // run shared js-env code - pre-init","    (function () {","        // init local","        local = {};","        // init modeJs","        local.modeJs = (function () {","            try {","                return typeof navigator.userAgent === 'string' &&","                    typeof document.querySelector('body') === 'object' &&","                    typeof XMLHttpRequest.prototype.open === 'function' &&","                    'browser';","            } catch (errorCaughtBrowser) {","                return module.exports &&","                    typeof process.versions.node === 'string' &&","                    typeof require('http').createServer === 'function' &&","                    'node';","            }","        }());","        // init global","        local.global = local.modeJs === 'browser'","            ? window","            : global;","        switch (local.modeJs) {","        // re-init local from window.local","        case 'browser':","            local = local.global.utility2.objectSetDefault(","                local.global.utility2_rollup || local.global.local,","                local.global.utility2","            );","            break;","        // re-init local from example.js","        case 'node':","            local = (local.global.utility2_rollup || require('utility2'))","                .requireExampleJsFromReadme();","            break;","        }","        // export local","        local.global.local = local;","    }());","","","","    // run shared js-env code - function","    (function () {","        return;","    }());","    switch (local.modeJs) {","","","","    // run browser js-env code - function","    case 'browser':","        break;","","","","    // run node js-env code - function","    case 'node':","        break;","    }","","","","    // run shared js-env code - post-init","    (function () {","        return;","    }());","    switch (local.modeJs) {","","","","    // run browser js-env code - post-init","    case 'browser':","        // run tests","        local.nop(local.modeTest &&","            document.querySelector('#testRunButton1') &&","            document.querySelector('#testRunButton1').click());","        break;","","","","    // run node js-env code - post-init","    /* istanbul ignore next */","    case 'node':","        local.testCase_buildApidoc_default = local.testCase_buildApidoc_default || function (","            options,","            onError","        ) {","        /*","         * this function will test buildApidoc's default handling-behavior-behavior","         */","            options = { modulePathList: module.paths };","            local.buildApidoc(options, onError);","        };","","        local.testCase_buildApp_default = local.testCase_buildApp_default || function (","            options,","            onError","        ) {","        /*","         * this function will test buildApp's default handling-behavior-behavior","         */","            local.testCase_buildReadme_default(options, local.onErrorThrow);","            local.testCase_buildLib_default(options, local.onErrorThrow);","            local.testCase_buildTest_default(options, local.onErrorThrow);","            local.testCase_buildCustomOrg_default(options, local.onErrorThrow);","            options = [];","            local.buildApp(options, onError);","        };","","        local.testCase_buildCustomOrg_default = local.testCase_buildCustomOrg_default ||","            function (options, onError) {","            /*","             * this function will test buildCustomOrg's default handling-behavior","             */","                options = {};","                local.buildCustomOrg(options, onError);","            };","","        local.testCase_buildLib_default = local.testCase_buildLib_default || function (","            options,","            onError","        ) {","        /*","         * this function will test buildLib's default handling-behavior","         */","            options = {};","            local.buildLib(options, onError);","        };","","        local.testCase_buildReadme_default = local.testCase_buildReadme_default || function (","            options,","            onError","        ) {","        /*","         * this function will test buildReadme's default handling-behavior-behavior","         */","            options = {};","            local.buildReadme(options, onError);","        };","","        local.testCase_buildTest_default = local.testCase_buildTest_default || function (","            options,","            onError","        ) {","        /*","         * this function will test buildTest's default handling-behavior","         */","            options = {};","            local.buildTest(options, onError);","        };","","        local.testCase_webpage_default = local.testCase_webpage_default || function (","            options,","            onError","        ) {","        /*","         * this function will test webpage's default handling-behavior","         */","            options = { modeCoverageMerge: true, url: local.serverLocalHost + '?modeTest=1' };","            local.browserTest(options, onError);","        };","","        // run test-server","        local.testRunServer(local);","        break;","    }","}());",""],"l":{"12":2,"14":2,"19":2,"21":2,"23":2,"24":2,"25":2,"30":1,"37":2,"40":2,"43":1,"47":1,"50":1,"52":1,"55":2,"61":2,"62":2,"64":2,"70":1,"76":1,"82":2,"83":2,"85":2,"92":1,"95":1,"102":1,"109":1,"110":1,"113":1,"120":1,"121":1,"122":1,"123":1,"124":1,"125":1,"128":1,"133":2,"134":2,"137":1,"144":2,"145":2,"148":1,"155":2,"156":2,"159":1,"166":2,"167":2,"170":1,"177":1,"178":1,"182":1,"183":1}},"/home/travis/build/npmtest/node-npmtest-csvjson/lib.npmtest_csvjson.js":{"path":"/home/travis/build/npmtest/node-npmtest-csvjson/lib.npmtest_csvjson.js","s":{"1":2,"2":2,"3":2,"4":2,"5":2,"6":2,"7":2,"8":1,"9":2,"10":2,"11":2,"12":2,"13":1,"14":1,"15":1,"16":1},"b":{"1":[2,1,1,1],"2":[1,1,1,1],"3":[1,1],"4":[2,2],"5":[1,1]},"f":{"1":2,"2":2,"3":2},"fnMap":{"1":{"name":"(anonymous_1)","line":12,"loc":{"start":{"line":12,"column":1},"end":{"line":12,"column":13}}},"2":{"name":"(anonymous_2)","line":19,"loc":{"start":{"line":19,"column":5},"end":{"line":19,"column":17}}},"3":{"name":"(anonymous_3)","line":23,"loc":{"start":{"line":23,"column":24},"end":{"line":23,"column":36}}}},"statementMap":{"1":{"start":{"line":12,"column":0},"end":{"line":53,"column":5}},"2":{"start":{"line":14,"column":4},"end":{"line":14,"column":14}},"3":{"start":{"line":19,"column":4},"end":{"line":52,"column":9}},"4":{"start":{"line":21,"column":8},"end":{"line":21,"column":19}},"5":{"start":{"line":23,"column":8},"end":{"line":35,"column":13}},"6":{"start":{"line":24,"column":12},"end":{"line":34,"column":13}},"7":{"start":{"line":25,"column":16},"end":{"line":28,"column":30}},"8":{"start":{"line":30,"column":16},"end":{"line":33,"column":27}},"9":{"start":{"line":37,"column":8},"end":{"line":39,"column":21}},"10":{"start":{"line":41,"column":8},"end":{"line":41,"column":54}},"11":{"start":{"line":43,"column":8},"end":{"line":43,"column":52}},"12":{"start":{"line":45,"column":8},"end":{"line":51,"column":9}},"13":{"start":{"line":46,"column":12},"end":{"line":46,"column":58}},"14":{"start":{"line":48,"column":12},"end":{"line":48,"column":35}},"15":{"start":{"line":49,"column":12},"end":{"line":49,"column":49}},"16":{"start":{"line":50,"column":12},"end":{"line":50,"column":43}}},"branchMap":{"1":{"line":25,"type":"binary-expr","locations":[{"start":{"line":25,"column":23},"end":{"line":25,"column":62}},{"start":{"line":26,"column":20},"end":{"line":26,"column":70}},{"start":{"line":27,"column":20},"end":{"line":27,"column":71}},{"start":{"line":28,"column":20},"end":{"line":28,"column":29}}]},"2":{"line":30,"type":"binary-expr","locations":[{"start":{"line":30,"column":23},"end":{"line":30,"column":37}},{"start":{"line":31,"column":20},"end":{"line":31,"column":61}},{"start":{"line":32,"column":20},"end":{"line":32,"column":70}},{"start":{"line":33,"column":20},"end":{"line":33,"column":26}}]},"3":{"line":37,"type":"cond-expr","locations":[{"start":{"line":38,"column":14},"end":{"line":38,"column":20}},{"start":{"line":39,"column":14},"end":{"line":39,"column":20}}]},"4":{"line":41,"type":"binary-expr","locations":[{"start":{"line":41,"column":16},"end":{"line":41,"column":44}},{"start":{"line":41,"column":48},"end":{"line":41,"column":53}}]},"5":{"line":45,"type":"if","locations":[{"start":{"line":45,"column":8},"end":{"line":45,"column":8}},{"start":{"line":45,"column":8},"end":{"line":45,"column":8}}]}},"code":["/* istanbul instrument in package npmtest_csvjson */","/*jslint","    bitwise: true,","    browser: true,","    maxerr: 8,","    maxlen: 96,","    node: true,","    nomen: true,","    regexp: true,","    stupid: true","*/","(function () {","    'use strict';","    var local;","","","","    // run shared js-env code - pre-init","    (function () {","        // init local","        local = {};","        // init modeJs","        local.modeJs = (function () {","            try {","                return typeof navigator.userAgent === 'string' &&","                    typeof document.querySelector('body') === 'object' &&","                    typeof XMLHttpRequest.prototype.open === 'function' &&","                    'browser';","            } catch (errorCaughtBrowser) {","                return module.exports &&","                    typeof process.versions.node === 'string' &&","                    typeof require('http').createServer === 'function' &&","                    'node';","            }","        }());","        // init global","        local.global = local.modeJs === 'browser'","            ? window","            : global;","        // init utility2_rollup","        local = local.global.utility2_rollup || local;","        // init lib","        local.local = local.npmtest_csvjson = local;","        // init exports","        if (local.modeJs === 'browser') {","            local.global.utility2_npmtest_csvjson = local;","        } else {","            module.exports = local;","            module.exports.__dirname = __dirname;","            module.exports.module = module;","        }","    }());","}());",""],"l":{"12":2,"14":2,"19":2,"21":2,"23":2,"24":2,"25":2,"30":1,"37":2,"41":2,"43":2,"45":2,"46":1,"48":1,"49":1,"50":1}},"/home/travis/build/npmtest/node-npmtest-csvjson/example.js":{"path":"/home/travis/build/npmtest/node-npmtest-csvjson/example.js","s":{"1":2,"2":2,"3":2,"4":2,"5":2,"6":2,"7":2,"8":1,"9":2,"10":2,"11":2,"12":2,"13":1,"14":2,"15":2,"16":2,"17":2,"18":2,"19":0,"20":2,"21":1,"22":1,"23":1,"24":1,"25":1,"26":0,"27":0,"28":1,"29":1,"30":2,"31":0,"32":0,"33":0,"34":1,"35":2,"36":2,"37":2,"38":2,"39":2,"40":2,"41":0,"42":2,"43":2,"44":2,"45":1,"46":3,"47":1,"48":1,"49":1,"50":1,"51":1,"52":1,"53":1,"54":1,"55":1,"56":1,"57":0,"58":1,"59":6,"60":6,"61":1,"62":2,"63":0,"64":2,"65":1,"66":1,"67":0,"68":0,"69":0,"70":0,"71":0,"72":0,"73":0,"74":0,"75":0,"76":0,"77":0,"78":0,"79":0,"80":0,"81":0,"82":0,"83":0},"b":{"1":[2,1,1,1],"2":[1,1,1,1],"3":[1,1],"4":[2,2],"5":[1,1],"6":[1,1],"7":[2,0],"8":[2,1,1,1,1,1],"9":[0,2,0],"10":[1,1],"11":[2,1,1],"12":[1,0],"13":[0,2],"14":[2,0,0,0,0,0,0],"15":[0,2],"16":[2,0],"17":[1,1],"18":[0,1],"19":[1,2,0,2],"20":[1,0],"21":[1,1],"22":[0,0],"23":[0,0],"24":[0,0],"25":[0,0],"26":[0,0],"27":[0,0],"28":[0,0]},"f":{"1":2,"2":2,"3":2,"4":2,"5":2,"6":2,"7":2,"8":2,"9":3,"10":1,"11":6,"12":0},"fnMap":{"1":{"name":"(anonymous_1)","line":26,"loc":{"start":{"line":26,"column":1},"end":{"line":26,"column":13}}},"2":{"name":"(anonymous_2)","line":33,"loc":{"start":{"line":33,"column":5},"end":{"line":33,"column":17}}},"3":{"name":"(anonymous_3)","line":37,"loc":{"start":{"line":37,"column":24},"end":{"line":37,"column":36}}},"4":{"name":"(anonymous_4)","line":69,"loc":{"start":{"line":69,"column":31},"end":{"line":69,"column":48}},"skip":true},"5":{"name":"(anonymous_5)","line":78,"loc":{"start":{"line":78,"column":26},"end":{"line":78,"column":45}},"skip":true},"6":{"name":"(anonymous_6)","line":123,"loc":{"start":{"line":123,"column":33},"end":{"line":123,"column":48}},"skip":true},"7":{"name":"(anonymous_7)","line":125,"loc":{"start":{"line":125,"column":27},"end":{"line":125,"column":39}},"skip":true},"8":{"name":"(anonymous_8)","line":133,"loc":{"start":{"line":133,"column":59},"end":{"line":133,"column":74}},"skip":true},"9":{"name":"(anonymous_9)","line":143,"loc":{"start":{"line":143,"column":45},"end":{"line":143,"column":62}},"skip":true},"10":{"name":"(anonymous_10)","line":144,"loc":{"start":{"line":144,"column":73},"end":{"line":144,"column":92}},"skip":true},"11":{"name":"(anonymous_11)","line":272,"loc":{"start":{"line":272,"column":51},"end":{"line":272,"column":77}},"skip":true},"12":{"name":"(anonymous_12)","line":314,"loc":{"start":{"line":314,"column":32},"end":{"line":314,"column":61}},"skip":true}},"statementMap":{"1":{"start":{"line":26,"column":0},"end":{"line":325,"column":5}},"2":{"start":{"line":28,"column":4},"end":{"line":28,"column":14}},"3":{"start":{"line":33,"column":4},"end":{"line":60,"column":9}},"4":{"start":{"line":35,"column":8},"end":{"line":35,"column":19}},"5":{"start":{"line":37,"column":8},"end":{"line":49,"column":13}},"6":{"start":{"line":38,"column":12},"end":{"line":48,"column":13}},"7":{"start":{"line":39,"column":16},"end":{"line":42,"column":30}},"8":{"start":{"line":44,"column":16},"end":{"line":47,"column":27}},"9":{"start":{"line":51,"column":8},"end":{"line":53,"column":21}},"10":{"start":{"line":55,"column":8},"end":{"line":57,"column":45}},"11":{"start":{"line":59,"column":8},"end":{"line":59,"column":35}},"12":{"start":{"line":61,"column":4},"end":{"line":324,"column":5}},"13":{"start":{"line":69,"column":8},"end":{"line":121,"column":10},"skip":true},"14":{"start":{"line":70,"column":12},"end":{"line":88,"column":13},"skip":true},"15":{"start":{"line":76,"column":16},"end":{"line":87,"column":19},"skip":true},"16":{"start":{"line":79,"column":20},"end":{"line":86,"column":21},"skip":true},"17":{"start":{"line":82,"column":24},"end":{"line":82,"column":43},"skip":true},"18":{"start":{"line":83,"column":24},"end":{"line":83,"column":30},"skip":true},"19":{"start":{"line":85,"column":24},"end":{"line":85,"column":49},"skip":true},"20":{"start":{"line":89,"column":12},"end":{"line":107,"column":13},"skip":true},"21":{"start":{"line":92,"column":16},"end":{"line":102,"column":17},"skip":true},"22":{"start":{"line":93,"column":20},"end":{"line":93,"column":86},"skip":true},"23":{"start":{"line":94,"column":20},"end":{"line":95,"column":45},"skip":true},"24":{"start":{"line":96,"column":20},"end":{"line":96,"column":42},"skip":true},"25":{"start":{"line":97,"column":20},"end":{"line":97,"column":48},"skip":true},"26":{"start":{"line":100,"column":20},"end":{"line":100,"column":85},"skip":true},"27":{"start":{"line":101,"column":20},"end":{"line":101,"column":96},"skip":true},"28":{"start":{"line":103,"column":16},"end":{"line":103,"column":22},"skip":true},"29":{"start":{"line":106,"column":16},"end":{"line":106,"column":22},"skip":true},"30":{"start":{"line":108,"column":12},"end":{"line":120,"column":13},"skip":true},"31":{"start":{"line":114,"column":16},"end":{"line":119,"column":17},"skip":true},"32":{"start":{"line":116,"column":20},"end":{"line":116,"column":78},"skip":true},"33":{"start":{"line":118,"column":20},"end":{"line":118,"column":47},"skip":true},"34":{"start":{"line":123,"column":8},"end":{"line":141,"column":11},"skip":true},"35":{"start":{"line":124,"column":12},"end":{"line":124,"column":54},"skip":true},"36":{"start":{"line":125,"column":12},"end":{"line":140,"column":14},"skip":true},"37":{"start":{"line":126,"column":16},"end":{"line":126,"column":28},"skip":true},"38":{"start":{"line":127,"column":16},"end":{"line":127,"column":69},"skip":true},"39":{"start":{"line":128,"column":16},"end":{"line":128,"column":75},"skip":true},"40":{"start":{"line":129,"column":16},"end":{"line":131,"column":17},"skip":true},"41":{"start":{"line":130,"column":20},"end":{"line":130,"column":27},"skip":true},"42":{"start":{"line":133,"column":16},"end":{"line":137,"column":36},"skip":true},"43":{"start":{"line":134,"column":20},"end":{"line":136,"column":55},"skip":true},"44":{"start":{"line":139,"column":16},"end":{"line":139,"column":57},"skip":true},"45":{"start":{"line":143,"column":8},"end":{"line":147,"column":11},"skip":true},"46":{"start":{"line":144,"column":12},"end":{"line":146,"column":15},"skip":true},"47":{"start":{"line":145,"column":16},"end":{"line":145,"column":70},"skip":true},"48":{"start":{"line":149,"column":8},"end":{"line":149,"column":31},"skip":true},"49":{"start":{"line":150,"column":8},"end":{"line":150,"column":14},"skip":true},"50":{"start":{"line":158,"column":8},"end":{"line":158,"column":31},"skip":true},"51":{"start":{"line":160,"column":8},"end":{"line":160,"column":33},"skip":true},"52":{"start":{"line":161,"column":8},"end":{"line":161,"column":37},"skip":true},"53":{"start":{"line":162,"column":8},"end":{"line":162,"column":35},"skip":true},"54":{"start":{"line":164,"column":8},"end":{"line":164,"column":50},"skip":true},"55":{"start":{"line":166,"column":8},"end":{"line":256,"column":2},"skip":true},"56":{"start":{"line":258,"column":8},"end":{"line":286,"column":9},"skip":true},"57":{"start":{"line":259,"column":12},"end":{"line":269,"column":14},"skip":true},"58":{"start":{"line":271,"column":12},"end":{"line":285,"column":19},"skip":true},"59":{"start":{"line":274,"column":20},"end":{"line":274,"column":35},"skip":true},"60":{"start":{"line":275,"column":20},"end":{"line":284,"column":21},"skip":true},"61":{"start":{"line":277,"column":24},"end":{"line":277,"column":64},"skip":true},"62":{"start":{"line":279,"column":24},"end":{"line":279,"column":40},"skip":true},"63":{"start":{"line":281,"column":24},"end":{"line":281,"column":40},"skip":true},"64":{"start":{"line":283,"column":24},"end":{"line":283,"column":39},"skip":true},"65":{"start":{"line":288,"column":8},"end":{"line":290,"column":9},"skip":true},"66":{"start":{"line":289,"column":12},"end":{"line":289,"column":18},"skip":true},"67":{"start":{"line":291,"column":8},"end":{"line":293,"column":54},"skip":true},"68":{"start":{"line":294,"column":8},"end":{"line":301,"column":37},"skip":true},"69":{"start":{"line":302,"column":8},"end":{"line":302,"column":82},"skip":true},"70":{"start":{"line":305,"column":8},"end":{"line":307,"column":9},"skip":true},"71":{"start":{"line":306,"column":12},"end":{"line":306,"column":82},"skip":true},"72":{"start":{"line":309,"column":8},"end":{"line":311,"column":9},"skip":true},"73":{"start":{"line":310,"column":12},"end":{"line":310,"column":18},"skip":true},"74":{"start":{"line":312,"column":8},"end":{"line":312,"column":54},"skip":true},"75":{"start":{"line":313,"column":8},"end":{"line":313,"column":69},"skip":true},"76":{"start":{"line":314,"column":8},"end":{"line":322,"column":36},"skip":true},"77":{"start":{"line":315,"column":12},"end":{"line":315,"column":61},"skip":true},"78":{"start":{"line":316,"column":12},"end":{"line":319,"column":13},"skip":true},"79":{"start":{"line":317,"column":16},"end":{"line":317,"column":75},"skip":true},"80":{"start":{"line":318,"column":16},"end":{"line":318,"column":23},"skip":true},"81":{"start":{"line":320,"column":12},"end":{"line":320,"column":38},"skip":true},"82":{"start":{"line":321,"column":12},"end":{"line":321,"column":27},"skip":true},"83":{"start":{"line":323,"column":8},"end":{"line":323,"column":14},"skip":true}},"branchMap":{"1":{"line":39,"type":"binary-expr","locations":[{"start":{"line":39,"column":23},"end":{"line":39,"column":62}},{"start":{"line":40,"column":20},"end":{"line":40,"column":70}},{"start":{"line":41,"column":20},"end":{"line":41,"column":71}},{"start":{"line":42,"column":20},"end":{"line":42,"column":29}}]},"2":{"line":44,"type":"binary-expr","locations":[{"start":{"line":44,"column":23},"end":{"line":44,"column":37}},{"start":{"line":45,"column":20},"end":{"line":45,"column":61}},{"start":{"line":46,"column":20},"end":{"line":46,"column":70}},{"start":{"line":47,"column":20},"end":{"line":47,"column":26}}]},"3":{"line":51,"type":"cond-expr","locations":[{"start":{"line":52,"column":14},"end":{"line":52,"column":20}},{"start":{"line":53,"column":14},"end":{"line":53,"column":20}}]},"4":{"line":55,"type":"binary-expr","locations":[{"start":{"line":55,"column":16},"end":{"line":55,"column":44}},{"start":{"line":55,"column":49},"end":{"line":57,"column":43}}]},"5":{"line":55,"type":"cond-expr","locations":[{"start":{"line":56,"column":14},"end":{"line":56,"column":51}},{"start":{"line":57,"column":14},"end":{"line":57,"column":43}}]},"6":{"line":61,"type":"switch","locations":[{"start":{"line":68,"column":4},"end":{"line":150,"column":14},"skip":true},{"start":{"line":156,"column":4},"end":{"line":323,"column":14},"skip":true}]},"7":{"line":70,"type":"if","locations":[{"start":{"line":70,"column":12},"end":{"line":70,"column":12},"skip":true},{"start":{"line":70,"column":12},"end":{"line":70,"column":12},"skip":true}]},"8":{"line":70,"type":"binary-expr","locations":[{"start":{"line":70,"column":16},"end":{"line":70,"column":22},"skip":true},{"start":{"line":70,"column":27},"end":{"line":70,"column":32},"skip":true},{"start":{"line":71,"column":20},"end":{"line":71,"column":39},"skip":true},{"start":{"line":72,"column":20},"end":{"line":72,"column":49},"skip":true},{"start":{"line":73,"column":20},"end":{"line":73,"column":58},"skip":true},{"start":{"line":74,"column":20},"end":{"line":74,"column":69},"skip":true}]},"9":{"line":79,"type":"switch","locations":[{"start":{"line":80,"column":20},"end":{"line":80,"column":33},"skip":true},{"start":{"line":81,"column":20},"end":{"line":83,"column":30},"skip":true},{"start":{"line":84,"column":20},"end":{"line":85,"column":49},"skip":true}]},"10":{"line":89,"type":"switch","locations":[{"start":{"line":90,"column":12},"end":{"line":103,"column":22},"skip":true},{"start":{"line":105,"column":12},"end":{"line":106,"column":22},"skip":true}]},"11":{"line":89,"type":"binary-expr","locations":[{"start":{"line":89,"column":20},"end":{"line":89,"column":25},"skip":true},{"start":{"line":89,"column":29},"end":{"line":89,"column":48},"skip":true},{"start":{"line":89,"column":52},"end":{"line":89,"column":74},"skip":true}]},"12":{"line":92,"type":"if","locations":[{"start":{"line":92,"column":16},"end":{"line":92,"column":16},"skip":true},{"start":{"line":92,"column":16},"end":{"line":92,"column":16},"skip":true}]},"13":{"line":108,"type":"if","locations":[{"start":{"line":108,"column":12},"end":{"line":108,"column":12},"skip":true},{"start":{"line":108,"column":12},"end":{"line":108,"column":12},"skip":true}]},"14":{"line":108,"type":"binary-expr","locations":[{"start":{"line":108,"column":16},"end":{"line":108,"column":61},"skip":true},{"start":{"line":108,"column":66},"end":{"line":108,"column":72},"skip":true},{"start":{"line":108,"column":77},"end":{"line":108,"column":82},"skip":true},{"start":{"line":109,"column":20},"end":{"line":109,"column":39},"skip":true},{"start":{"line":110,"column":20},"end":{"line":110,"column":49},"skip":true},{"start":{"line":111,"column":20},"end":{"line":111,"column":58},"skip":true},{"start":{"line":112,"column":20},"end":{"line":112,"column":68},"skip":true}]},"15":{"line":129,"type":"if","locations":[{"start":{"line":129,"column":16},"end":{"line":129,"column":16},"skip":true},{"start":{"line":129,"column":16},"end":{"line":129,"column":16},"skip":true}]},"16":{"line":134,"type":"cond-expr","locations":[{"start":{"line":135,"column":26},"end":{"line":135,"column":29},"skip":true},{"start":{"line":136,"column":26},"end":{"line":136,"column":54},"skip":true}]},"17":{"line":164,"type":"binary-expr","locations":[{"start":{"line":164,"column":27},"end":{"line":164,"column":43},"skip":true},{"start":{"line":164,"column":47},"end":{"line":164,"column":49},"skip":true}]},"18":{"line":258,"type":"if","locations":[{"start":{"line":258,"column":8},"end":{"line":258,"column":8},"skip":true},{"start":{"line":258,"column":8},"end":{"line":258,"column":8},"skip":true}]},"19":{"line":275,"type":"switch","locations":[{"start":{"line":276,"column":20},"end":{"line":277,"column":64},"skip":true},{"start":{"line":278,"column":20},"end":{"line":279,"column":40},"skip":true},{"start":{"line":280,"column":20},"end":{"line":281,"column":40},"skip":true},{"start":{"line":282,"column":20},"end":{"line":283,"column":39},"skip":true}]},"20":{"line":288,"type":"if","locations":[{"start":{"line":288,"column":8},"end":{"line":288,"column":8},"skip":true},{"start":{"line":288,"column":8},"end":{"line":288,"column":8},"skip":true}]},"21":{"line":288,"type":"binary-expr","locations":[{"start":{"line":288,"column":12},"end":{"line":288,"column":40},"skip":true},{"start":{"line":288,"column":44},"end":{"line":288,"column":67},"skip":true}]},"22":{"line":292,"type":"binary-expr","locations":[{"start":{"line":292,"column":12},"end":{"line":292,"column":50},"skip":true},{"start":{"line":293,"column":12},"end":{"line":293,"column":53},"skip":true}]},"23":{"line":295,"type":"binary-expr","locations":[{"start":{"line":295,"column":12},"end":{"line":295,"column":65},"skip":true},{"start":{"line":296,"column":12},"end":{"line":301,"column":36},"skip":true}]},"24":{"line":302,"type":"binary-expr","locations":[{"start":{"line":302,"column":43},"end":{"line":302,"column":75},"skip":true},{"start":{"line":302,"column":79},"end":{"line":302,"column":81},"skip":true}]},"25":{"line":305,"type":"if","locations":[{"start":{"line":305,"column":8},"end":{"line":305,"column":8},"skip":true},{"start":{"line":305,"column":8},"end":{"line":305,"column":8},"skip":true}]},"26":{"line":309,"type":"if","locations":[{"start":{"line":309,"column":8},"end":{"line":309,"column":8},"skip":true},{"start":{"line":309,"column":8},"end":{"line":309,"column":8},"skip":true}]},"27":{"line":312,"type":"binary-expr","locations":[{"start":{"line":312,"column":27},"end":{"line":312,"column":43},"skip":true},{"start":{"line":312,"column":47},"end":{"line":312,"column":53},"skip":true}]},"28":{"line":316,"type":"if","locations":[{"start":{"line":316,"column":12},"end":{"line":316,"column":12},"skip":true},{"start":{"line":316,"column":12},"end":{"line":316,"column":12},"skip":true}]}},"code":["/*","example.js","","quickstart example","","instruction","    1. save this script as example.js","    2. run the shell command:","        $ npm install npmtest-csvjson && PORT=8081 node example.js","    3. play with the browser-demo on http://127.0.0.1:8081","*/","","","","/* istanbul instrument in package npmtest_csvjson */","/*jslint","    bitwise: true,","    browser: true,","    maxerr: 8,","    maxlen: 96,","    node: true,","    nomen: true,","    regexp: true,","    stupid: true","*/","(function () {","    'use strict';","    var local;","","","","    // run shared js-env code - pre-init","    (function () {","        // init local","        local = {};","        // init modeJs","        local.modeJs = (function () {","            try {","                return typeof navigator.userAgent === 'string' &&","                    typeof document.querySelector('body') === 'object' &&","                    typeof XMLHttpRequest.prototype.open === 'function' &&","                    'browser';","            } catch (errorCaughtBrowser) {","                return module.exports &&","                    typeof process.versions.node === 'string' &&","                    typeof require('http').createServer === 'function' &&","                    'node';","            }","        }());","        // init global","        local.global = local.modeJs === 'browser'","            ? window","            : global;","        // init utility2_rollup","        local = local.global.utility2_rollup || (local.modeJs === 'browser'","            ? local.global.utility2_npmtest_csvjson","            : global.utility2_moduleExports);","        // export local","        local.global.local = local;","    }());","    switch (local.modeJs) {","","","","    // post-init","    // run browser js-env code - post-init","    /* istanbul ignore next */","    case 'browser':","        local.testRunBrowser = function (event) {","            if (!event || (event &&","                    event.currentTarget &&","                    event.currentTarget.className &&","                    event.currentTarget.className.includes &&","                    event.currentTarget.className.includes('onreset'))) {","                // reset output","                Array.from(","                    document.querySelectorAll('body > .resettable')","                ).forEach(function (element) {","                    switch (element.tagName) {","                    case 'INPUT':","                    case 'TEXTAREA':","                        element.value = '';","                        break;","                    default:","                        element.textContent = '';","                    }","                });","            }","            switch (event && event.currentTarget && event.currentTarget.id) {","            case 'testRunButton1':","                // show tests","                if (document.querySelector('#testReportDiv1').style.display === 'none') {","                    document.querySelector('#testReportDiv1').style.display = 'block';","                    document.querySelector('#testRunButton1').textContent =","                        'hide internal test';","                    local.modeTest = true;","                    local.testRunDefault(local);","                // hide tests","                } else {","                    document.querySelector('#testReportDiv1').style.display = 'none';","                    document.querySelector('#testRunButton1').textContent = 'run internal test';","                }","                break;","            // custom-case","            default:","                break;","            }","            if (document.querySelector('#inputTextareaEval1') && (!event || (event &&","                    event.currentTarget &&","                    event.currentTarget.className &&","                    event.currentTarget.className.includes &&","                    event.currentTarget.className.includes('oneval')))) {","                // try to eval input-code","                try {","                    /*jslint evil: true*/","                    eval(document.querySelector('#inputTextareaEval1').value);","                } catch (errorCaught) {","                    console.error(errorCaught);","                }","            }","        };","        // log stderr and stdout to #outputTextareaStdout1","        ['error', 'log'].forEach(function (key) {","            console[key + '_original'] = console[key];","            console[key] = function () {","                var element;","                console[key + '_original'].apply(console, arguments);","                element = document.querySelector('#outputTextareaStdout1');","                if (!element) {","                    return;","                }","                // append text to #outputTextareaStdout1","                element.value += Array.from(arguments).map(function (arg) {","                    return typeof arg === 'string'","                        ? arg","                        : JSON.stringify(arg, null, 4);","                }).join(' ') + '\\n';","                // scroll textarea to bottom","                element.scrollTop = element.scrollHeight;","            };","        });","        // init event-handling","        ['change', 'click', 'keyup'].forEach(function (event) {","            Array.from(document.querySelectorAll('.on' + event)).forEach(function (element) {","                element.addEventListener(event, local.testRunBrowser);","            });","        });","        // run tests","        local.testRunBrowser();","        break;","","","","    // run node js-env code - post-init","    /* istanbul ignore next */","    case 'node':","        // export local","        module.exports = local;","        // require modules","        local.fs = require('fs');","        local.http = require('http');","        local.url = require('url');","        // init assets","        local.assetsDict = local.assetsDict || {};","        /* jslint-ignore-begin */","        local.assetsDict['/assets.index.template.html'] = '\\","<!doctype html>\\n\\","<html lang=\"en\">\\n\\","<head>\\n\\","<meta charset=\"UTF-8\">\\n\\","<meta name=\"viewport\" content=\"width=device-width, initial-scale=1\">\\n\\","<title>{{env.npm_package_name}} (v{{env.npm_package_version}})</title>\\n\\","<style>\\n\\","/*csslint\\n\\","    box-sizing: false,\\n\\","    universal-selector: false\\n\\","*/\\n\\","* {\\n\\","    box-sizing: border-box;\\n\\","}\\n\\","body {\\n\\","    background: #dde;\\n\\","    font-family: Arial, Helvetica, sans-serif;\\n\\","    margin: 2rem;\\n\\","}\\n\\","body > * {\\n\\","    margin-bottom: 1rem;\\n\\","}\\n\\",".utility2FooterDiv {\\n\\","    margin-top: 20px;\\n\\","    text-align: center;\\n\\","}\\n\\","</style>\\n\\","<style>\\n\\","/*csslint\\n\\","*/\\n\\","textarea {\\n\\","    font-family: monospace;\\n\\","    height: 10rem;\\n\\","    width: 100%;\\n\\","}\\n\\","textarea[readonly] {\\n\\","    background: #ddd;\\n\\","}\\n\\","</style>\\n\\","</head>\\n\\","<body>\\n\\","<!-- utility2-comment\\n\\","<div id=\"ajaxProgressDiv1\" style=\"background: #d00; height: 2px; left: 0; margin: 0; padding: 0; position: fixed; top: 0; transition: background 0.5s, width 1.5s; width: 25%;\"></div>\\n\\","utility2-comment -->\\n\\","<h1>\\n\\","<!-- utility2-comment\\n\\","    <a\\n\\","        {{#if env.npm_package_homepage}}\\n\\","        href=\"{{env.npm_package_homepage}}\"\\n\\","        {{/if env.npm_package_homepage}}\\n\\","        target=\"_blank\"\\n\\","    >\\n\\","utility2-comment -->\\n\\","        {{env.npm_package_name}} (v{{env.npm_package_version}})\\n\\","<!-- utility2-comment\\n\\","    </a>\\n\\","utility2-comment -->\\n\\","</h1>\\n\\","<h3>{{env.npm_package_description}}</h3>\\n\\","<!-- utility2-comment\\n\\","<h4><a download href=\"assets.app.js\">download standalone app</a></h4>\\n\\","<button class=\"onclick onreset\" id=\"testRunButton1\">run internal test</button><br>\\n\\","<div id=\"testReportDiv1\" style=\"display: none;\"></div>\\n\\","utility2-comment -->\\n\\","\\n\\","\\n\\","\\n\\","<label>stderr and stdout</label>\\n\\","<textarea class=\"resettable\" id=\"outputTextareaStdout1\" readonly></textarea>\\n\\","<!-- utility2-comment\\n\\","{{#if isRollup}}\\n\\","<script src=\"assets.app.js\"></script>\\n\\","{{#unless isRollup}}\\n\\","utility2-comment -->\\n\\","<script src=\"assets.utility2.rollup.js\"></script>\\n\\","<script src=\"jsonp.utility2._stateInit?callback=window.utility2._stateInit\"></script>\\n\\","<script src=\"assets.npmtest_csvjson.rollup.js\"></script>\\n\\","<script src=\"assets.example.js\"></script>\\n\\","<script src=\"assets.test.js\"></script>\\n\\","<!-- utility2-comment\\n\\","{{/if isRollup}}\\n\\","utility2-comment -->\\n\\","<div class=\"utility2FooterDiv\">\\n\\","    [ this app was created with\\n\\","    <a href=\"https://github.com/kaizhu256/node-utility2\" target=\"_blank\">utility2</a>\\n\\","    ]\\n\\","</div>\\n\\","</body>\\n\\","</html>\\n\\","';","        /* jslint-ignore-end */","        if (local.templateRender) {","            local.assetsDict['/'] = local.templateRender(","                local.assetsDict['/assets.index.template.html'],","                {","                    env: local.objectSetDefault(local.env, {","                        npm_package_description: 'the greatest app in the world!',","                        npm_package_name: 'my-app',","                        npm_package_nameAlias: 'my_app',","                        npm_package_version: '0.0.1'","                    })","                }","            );","        } else {","            local.assetsDict['/'] = local.assetsDict['/assets.index.template.html']","                .replace((/\\{\\{env\\.(\\w+?)\\}\\}/g), function (match0, match1) {","                    // jslint-hack","                    String(match0);","                    switch (match1) {","                    case 'npm_package_description':","                        return 'the greatest app in the world!';","                    case 'npm_package_name':","                        return 'my-app';","                    case 'npm_package_nameAlias':","                        return 'my_app';","                    case 'npm_package_version':","                        return '0.0.1';","                    }","                });","        }","        // run the cli","        if (local.global.utility2_rollup || module !== require.main) {","            break;","        }","        local.assetsDict['/assets.example.js'] =","            local.assetsDict['/assets.example.js'] ||","            local.fs.readFileSync(__filename, 'utf8');","        local.assetsDict['/assets.npmtest_csvjson.rollup.js'] =","            local.assetsDict['/assets.npmtest_csvjson.rollup.js'] ||","            local.fs.readFileSync(","                // buildCustomOrg-hack","                local.npmtest_csvjson.__dirname +","                    '/lib.npmtest_csvjson.js',","                'utf8'","            ).replace((/^#!/), '//');","        local.assetsDict['/favicon.ico'] = local.assetsDict['/favicon.ico'] || '';","        // if $npm_config_timeout_exit exists,","        // then exit this process after $npm_config_timeout_exit ms","        if (Number(process.env.npm_config_timeout_exit)) {","            setTimeout(process.exit, Number(process.env.npm_config_timeout_exit));","        }","        // start server","        if (local.global.utility2_serverHttp1) {","            break;","        }","        process.env.PORT = process.env.PORT || '8081';","        console.error('server starting on port ' + process.env.PORT);","        local.http.createServer(function (request, response) {","            request.urlParsed = local.url.parse(request.url);","            if (local.assetsDict[request.urlParsed.pathname] !== undefined) {","                response.end(local.assetsDict[request.urlParsed.pathname]);","                return;","            }","            response.statusCode = 404;","            response.end();","        }).listen(process.env.PORT);","        break;","    }","}());",""],"l":{"26":2,"28":2,"33":2,"35":2,"37":2,"38":2,"39":2,"44":1,"51":2,"55":2,"59":2,"61":2,"69":1,"70":2,"76":2,"79":2,"82":2,"83":2,"85":1,"89":2,"92":1,"93":1,"94":1,"96":1,"97":1,"100":1,"101":1,"103":1,"106":1,"108":2,"114":1,"116":1,"118":1,"123":1,"124":2,"125":2,"126":2,"127":2,"128":2,"129":2,"130":1,"133":2,"134":2,"139":2,"143":1,"144":3,"145":1,"149":1,"150":1,"158":1,"160":1,"161":1,"162":1,"164":1,"166":1,"258":1,"259":1,"271":1,"274":6,"275":6,"277":1,"279":2,"281":1,"283":2,"288":1,"289":1,"291":1,"294":1,"302":1,"305":1,"306":1,"309":1,"310":1,"312":1,"313":1,"314":1,"315":1,"316":1,"317":1,"318":1,"320":1,"321":1,"323":1}},"/home/travis/build/npmtest/node-npmtest-csvjson/node_modules/csvjson/index.js":{"path":"/home/travis/build/npmtest/node-npmtest-csvjson/node_modules/csvjson/index.js","s":{"1":1,"2":1,"3":0,"4":0,"5":0,"6":0,"7":0,"8":0,"9":0,"10":0,"11":0,"12":0,"13":0,"14":0,"15":0,"16":0,"17":0,"18":0,"19":0,"20":0,"21":0,"22":0,"23":0,"24":1,"25":0,"26":0,"27":0,"28":0,"29":0,"30":0,"31":0,"32":0,"33":0,"34":0,"35":0,"36":0,"37":0,"38":0,"39":0,"40":0,"41":0,"42":0,"43":0,"44":0,"45":0,"46":1,"47":0,"48":0,"49":0,"50":0,"51":0,"52":0,"53":0,"54":0,"55":0,"56":0,"57":0,"58":0,"59":0,"60":0,"61":0,"62":0,"63":0,"64":0,"65":0,"66":0,"67":0,"68":1,"69":0,"70":0,"71":0,"72":0,"73":0,"74":0,"75":0,"76":0,"77":0,"78":0,"79":0,"80":0,"81":0,"82":0,"83":0,"84":1,"85":0,"86":0,"87":0,"88":0,"89":0,"90":1,"91":0,"92":0,"93":0,"94":0,"95":0,"96":0,"97":0,"98":0,"99":0,"100":0,"101":0,"102":1,"103":0,"104":0,"105":0,"106":0,"107":0,"108":0,"109":0,"110":0,"111":0,"112":0,"113":0,"114":0,"115":0,"116":0,"117":0,"118":0,"119":0,"120":0,"121":0,"122":0,"123":0,"124":0,"125":0,"126":0,"127":0,"128":0,"129":0,"130":0,"131":0,"132":0,"133":0,"134":0,"135":0,"136":0,"137":0,"138":0,"139":0,"140":0,"141":0,"142":0,"143":1,"144":0,"145":0,"146":0,"147":0,"148":0,"149":0,"150":0,"151":0,"152":0,"153":1,"154":0,"155":0,"156":0,"157":0,"158":0,"159":0,"160":1,"161":0,"162":0,"163":0,"164":0,"165":1,"166":0,"167":0,"168":0,"169":0,"170":0,"171":1,"172":0,"173":0,"174":1,"175":0,"176":0,"177":0,"178":0,"179":0,"180":0,"181":0,"182":0,"183":0,"184":0,"185":0,"186":0,"187":0,"188":0,"189":0,"190":1,"191":0,"192":0,"193":0,"194":0,"195":0,"196":1,"197":0,"198":0,"199":0,"200":0,"201":0,"202":0,"203":0,"204":0,"205":0,"206":0,"207":0,"208":0,"209":0,"210":0,"211":0,"212":0,"213":0,"214":0,"215":0,"216":0,"217":0,"218":0,"219":0,"220":0,"221":0,"222":0,"223":0,"224":0,"225":0,"226":0,"227":0,"228":0,"229":1,"230":0,"231":0,"232":0,"233":1,"234":0,"235":0,"236":0,"237":0,"238":0,"239":0,"240":0,"241":0,"242":1,"243":0,"244":0,"245":0,"246":0,"247":0,"248":0,"249":0,"250":0,"251":0,"252":0,"253":0,"254":0,"255":0,"256":0,"257":0,"258":0},"b":{"1":[0,0],"2":[0,0],"3":[0,0],"4":[0,0],"5":[0,0],"6":[0,0],"7":[0,0],"8":[0,0],"9":[0,0],"10":[0,0],"11":[0,0],"12":[0,0],"13":[0,0],"14":[0,0],"15":[0,0],"16":[0,0],"17":[0,0],"18":[0,0],"19":[0,0],"20":[0,0],"21":[0,0],"22":[0,0],"23":[0,0],"24":[0,0],"25":[0,0],"26":[0,0],"27":[0,0],"28":[0,0],"29":[0,0],"30":[0,0],"31":[0,0],"32":[0,0],"33":[0,0],"34":[0,0,0],"35":[0,0],"36":[0,0],"37":[0,0],"38":[0,0],"39":[0,0],"40":[0,0],"41":[0,0],"42":[0,0],"43":[0,0],"44":[0,0],"45":[0,0],"46":[0,0],"47":[0,0],"48":[0,0],"49":[0,0],"50":[0,0],"51":[0,0],"52":[0,0],"53":[0,0],"54":[0,0],"55":[0,0],"56":[0,0],"57":[0,0],"58":[0,0],"59":[0,0],"60":[0,0],"61":[0,0],"62":[0,0],"63":[0,0,0,0],"64":[0,0],"65":[0,0],"66":[0,0],"67":[0,0],"68":[0,0],"69":[0,0],"70":[0,0],"71":[0,0],"72":[0,0],"73":[0,0],"74":[0,0],"75":[0,0],"76":[0,0],"77":[0,0],"78":[0,0],"79":[0,0],"80":[0,0],"81":[0,0],"82":[0,0],"83":[0,0],"84":[0,0],"85":[0,0],"86":[0,0],"87":[0,0],"88":[0,0],"89":[0,0]},"f":{"1":0,"2":0,"3":0,"4":0,"5":0,"6":0,"7":0,"8":0,"9":0,"10":0,"11":0,"12":0,"13":0,"14":0,"15":0,"16":0,"17":0,"18":0,"19":0,"20":0,"21":0,"22":0,"23":0,"24":0,"25":0,"26":0,"27":0,"28":0,"29":0,"30":0,"31":0,"32":0,"33":0,"34":0,"35":0,"36":0},"fnMap":{"1":{"name":"toColumnArray","line":11,"loc":{"start":{"line":11,"column":0},"end":{"line":11,"column":34}}},"2":{"name":"(anonymous_2)","line":40,"loc":{"start":{"line":40,"column":20},"end":{"line":40,"column":34}}},"3":{"name":"(anonymous_3)","line":44,"loc":{"start":{"line":44,"column":20},"end":{"line":44,"column":34}}},"4":{"name":"(anonymous_4)","line":49,"loc":{"start":{"line":49,"column":25},"end":{"line":49,"column":45}}},"5":{"name":"toObject","line":58,"loc":{"start":{"line":58,"column":0},"end":{"line":58,"column":29}}},"6":{"name":"(anonymous_6)","line":86,"loc":{"start":{"line":86,"column":20},"end":{"line":86,"column":34}}},"7":{"name":"(anonymous_7)","line":92,"loc":{"start":{"line":92,"column":28},"end":{"line":92,"column":55}}},"8":{"name":"toSchemaObject","line":101,"loc":{"start":{"line":101,"column":0},"end":{"line":101,"column":35}}},"9":{"name":"(anonymous_9)","line":130,"loc":{"start":{"line":130,"column":20},"end":{"line":130,"column":34}}},"10":{"name":"(anonymous_10)","line":136,"loc":{"start":{"line":136,"column":25},"end":{"line":136,"column":45}}},"11":{"name":"toArray","line":146,"loc":{"start":{"line":146,"column":0},"end":{"line":146,"column":28}}},"12":{"name":"(anonymous_12)","line":160,"loc":{"start":{"line":160,"column":20},"end":{"line":160,"column":34}}},"13":{"name":"(anonymous_13)","line":166,"loc":{"start":{"line":166,"column":28},"end":{"line":166,"column":43}}},"14":{"name":"_getQuote","line":175,"loc":{"start":{"line":175,"column":0},"end":{"line":175,"column":21}}},"15":{"name":"_dataType","line":184,"loc":{"start":{"line":184,"column":0},"end":{"line":184,"column":24}}},"16":{"name":"toCSV","line":203,"loc":{"start":{"line":203,"column":0},"end":{"line":203,"column":26}}},"17":{"name":"(anonymous_17)","line":235,"loc":{"start":{"line":235,"column":30},"end":{"line":235,"column":44}}},"18":{"name":"_toCsv","line":270,"loc":{"start":{"line":270,"column":0},"end":{"line":270,"column":46}}},"19":{"name":"_putData","line":284,"loc":{"start":{"line":284,"column":0},"end":{"line":284,"column":48}}},"20":{"name":"_arrayToCsv","line":295,"loc":{"start":{"line":295,"column":0},"end":{"line":295,"column":51}}},"21":{"name":"(anonymous_21)","line":299,"loc":{"start":{"line":299,"column":17},"end":{"line":299,"column":38}}},"22":{"name":"_doesNotContainsObjectAndArray","line":304,"loc":{"start":{"line":304,"column":0},"end":{"line":304,"column":46}}},"23":{"name":"(anonymous_23)","line":305,"loc":{"start":{"line":305,"column":21},"end":{"line":305,"column":35}}},"24":{"name":"_objectToCsv","line":314,"loc":{"start":{"line":314,"column":0},"end":{"line":314,"column":52}}},"25":{"name":"(anonymous_25)","line":315,"loc":{"start":{"line":315,"column":28},"end":{"line":315,"column":42}}},"26":{"name":"_getHeaders","line":320,"loc":{"start":{"line":320,"column":0},"end":{"line":320,"column":44}}},"27":{"name":"(anonymous_27)","line":329,"loc":{"start":{"line":329,"column":36},"end":{"line":329,"column":52}}},"28":{"name":"(anonymous_28)","line":337,"loc":{"start":{"line":337,"column":36},"end":{"line":337,"column":52}}},"29":{"name":"_getBigArrayLength","line":347,"loc":{"start":{"line":347,"column":0},"end":{"line":347,"column":34}}},"30":{"name":"(anonymous_30)","line":349,"loc":{"start":{"line":349,"column":29},"end":{"line":349,"column":43}}},"31":{"name":"_putDataInSchema","line":357,"loc":{"start":{"line":357,"column":0},"end":{"line":357,"column":65}}},"32":{"name":"_trimQuote","line":396,"loc":{"start":{"line":396,"column":0},"end":{"line":396,"column":24}}},"33":{"name":"_convertArray","line":403,"loc":{"start":{"line":403,"column":0},"end":{"line":403,"column":46}}},"34":{"name":"(anonymous_34)","line":409,"loc":{"start":{"line":409,"column":16},"end":{"line":409,"column":30}}},"35":{"name":"_csvToArray","line":416,"loc":{"start":{"line":416,"column":0},"end":{"line":416,"column":43}}},"36":{"name":"(anonymous_36)","line":431,"loc":{"start":{"line":431,"column":8},"end":{"line":431,"column":29}}}},"statementMap":{"1":{"start":{"line":2,"column":0},"end":{"line":8,"column":1}},"2":{"start":{"line":11,"column":0},"end":{"line":56,"column":1}},"3":{"start":{"line":13,"column":4},"end":{"line":13,"column":23}},"4":{"start":{"line":15,"column":4},"end":{"line":15,"column":46}},"5":{"start":{"line":16,"column":4},"end":{"line":16,"column":44}},"6":{"start":{"line":17,"column":4},"end":{"line":17,"column":27}},"7":{"start":{"line":18,"column":4},"end":{"line":18,"column":27}},"8":{"start":{"line":20,"column":4},"end":{"line":22,"column":5}},"9":{"start":{"line":21,"column":8},"end":{"line":21,"column":72}},"10":{"start":{"line":24,"column":4},"end":{"line":24,"column":49}},"11":{"start":{"line":26,"column":4},"end":{"line":35,"column":5}},"12":{"start":{"line":27,"column":8},"end":{"line":27,"column":50}},"13":{"start":{"line":28,"column":8},"end":{"line":30,"column":49}},"14":{"start":{"line":32,"column":8},"end":{"line":34,"column":49}},"15":{"start":{"line":38,"column":4},"end":{"line":38,"column":26}},"16":{"start":{"line":40,"column":4},"end":{"line":42,"column":7}},"17":{"start":{"line":41,"column":8},"end":{"line":41,"column":28}},"18":{"start":{"line":44,"column":4},"end":{"line":53,"column":7}},"19":{"start":{"line":45,"column":8},"end":{"line":52,"column":9}},"20":{"start":{"line":46,"column":12},"end":{"line":48,"column":40}},"21":{"start":{"line":49,"column":12},"end":{"line":51,"column":15}},"22":{"start":{"line":50,"column":16},"end":{"line":50,"column":63}},"23":{"start":{"line":55,"column":4},"end":{"line":55,"column":20}},"24":{"start":{"line":58,"column":0},"end":{"line":99,"column":1}},"25":{"start":{"line":60,"column":4},"end":{"line":60,"column":23}},"26":{"start":{"line":62,"column":4},"end":{"line":62,"column":46}},"27":{"start":{"line":63,"column":4},"end":{"line":63,"column":44}},"28":{"start":{"line":64,"column":4},"end":{"line":64,"column":27}},"29":{"start":{"line":65,"column":4},"end":{"line":65,"column":27}},"30":{"start":{"line":67,"column":4},"end":{"line":69,"column":5}},"31":{"start":{"line":68,"column":8},"end":{"line":68,"column":72}},"32":{"start":{"line":71,"column":4},"end":{"line":71,"column":41}},"33":{"start":{"line":73,"column":4},"end":{"line":82,"column":5}},"34":{"start":{"line":74,"column":8},"end":{"line":74,"column":50}},"35":{"start":{"line":75,"column":8},"end":{"line":77,"column":49}},"36":{"start":{"line":79,"column":8},"end":{"line":81,"column":49}},"37":{"start":{"line":84,"column":4},"end":{"line":84,"column":23}},"38":{"start":{"line":86,"column":4},"end":{"line":97,"column":7}},"39":{"start":{"line":87,"column":8},"end":{"line":96,"column":9}},"40":{"start":{"line":88,"column":10},"end":{"line":90,"column":38}},"41":{"start":{"line":91,"column":12},"end":{"line":91,"column":31}},"42":{"start":{"line":92,"column":12},"end":{"line":94,"column":15}},"43":{"start":{"line":93,"column":16},"end":{"line":93,"column":63}},"44":{"start":{"line":95,"column":12},"end":{"line":95,"column":36}},"45":{"start":{"line":98,"column":4},"end":{"line":98,"column":20}},"46":{"start":{"line":101,"column":0},"end":{"line":144,"column":1}},"47":{"start":{"line":103,"column":4},"end":{"line":103,"column":23}},"48":{"start":{"line":105,"column":4},"end":{"line":105,"column":46}},"49":{"start":{"line":106,"column":4},"end":{"line":106,"column":44}},"50":{"start":{"line":107,"column":4},"end":{"line":107,"column":27}},"51":{"start":{"line":108,"column":4},"end":{"line":108,"column":27}},"52":{"start":{"line":109,"column":4},"end":{"line":111,"column":5}},"53":{"start":{"line":110,"column":8},"end":{"line":110,"column":67}},"54":{"start":{"line":113,"column":4},"end":{"line":113,"column":49}},"55":{"start":{"line":116,"column":4},"end":{"line":125,"column":5}},"56":{"start":{"line":117,"column":8},"end":{"line":117,"column":50}},"57":{"start":{"line":118,"column":8},"end":{"line":120,"column":49}},"58":{"start":{"line":122,"column":8},"end":{"line":124,"column":49}},"59":{"start":{"line":128,"column":4},"end":{"line":128,"column":26}},"60":{"start":{"line":130,"column":4},"end":{"line":141,"column":7}},"61":{"start":{"line":131,"column":8},"end":{"line":140,"column":9}},"62":{"start":{"line":132,"column":10},"end":{"line":134,"column":38}},"63":{"start":{"line":135,"column":12},"end":{"line":135,"column":34}},"64":{"start":{"line":136,"column":12},"end":{"line":138,"column":15}},"65":{"start":{"line":137,"column":16},"end":{"line":137,"column":87}},"66":{"start":{"line":139,"column":12},"end":{"line":139,"column":40}},"67":{"start":{"line":143,"column":4},"end":{"line":143,"column":20}},"68":{"start":{"line":146,"column":0},"end":{"line":173,"column":1}},"69":{"start":{"line":148,"column":4},"end":{"line":148,"column":23}},"70":{"start":{"line":150,"column":4},"end":{"line":150,"column":46}},"71":{"start":{"line":151,"column":4},"end":{"line":151,"column":44}},"72":{"start":{"line":152,"column":4},"end":{"line":152,"column":27}},"73":{"start":{"line":154,"column":4},"end":{"line":156,"column":5}},"74":{"start":{"line":155,"column":8},"end":{"line":155,"column":72}},"75":{"start":{"line":158,"column":4},"end":{"line":158,"column":41}},"76":{"start":{"line":159,"column":4},"end":{"line":159,"column":24}},"77":{"start":{"line":160,"column":4},"end":{"line":171,"column":7}},"78":{"start":{"line":161,"column":8},"end":{"line":170,"column":9}},"79":{"start":{"line":162,"column":12},"end":{"line":164,"column":38}},"80":{"start":{"line":166,"column":12},"end":{"line":168,"column":15}},"81":{"start":{"line":167,"column":16},"end":{"line":167,"column":41}},"82":{"start":{"line":169,"column":12},"end":{"line":169,"column":33}},"83":{"start":{"line":172,"column":4},"end":{"line":172,"column":21}},"84":{"start":{"line":175,"column":0},"end":{"line":182,"column":1}},"85":{"start":{"line":176,"column":2},"end":{"line":180,"column":3}},"86":{"start":{"line":177,"column":4},"end":{"line":177,"column":13}},"87":{"start":{"line":178,"column":8},"end":{"line":180,"column":3}},"88":{"start":{"line":179,"column":4},"end":{"line":179,"column":15}},"89":{"start":{"line":181,"column":2},"end":{"line":181,"column":14}},"90":{"start":{"line":184,"column":0},"end":{"line":201,"column":1}},"91":{"start":{"line":185,"column":4},"end":{"line":190,"column":5}},"92":{"start":{"line":186,"column":8},"end":{"line":186,"column":22}},"93":{"start":{"line":188,"column":9},"end":{"line":190,"column":5}},"94":{"start":{"line":189,"column":8},"end":{"line":189,"column":25}},"95":{"start":{"line":191,"column":4},"end":{"line":191,"column":96}},"96":{"start":{"line":192,"column":4},"end":{"line":199,"column":5}},"97":{"start":{"line":193,"column":8},"end":{"line":195,"column":9}},"98":{"start":{"line":194,"column":12},"end":{"line":194,"column":25}},"99":{"start":{"line":196,"column":8},"end":{"line":198,"column":9}},"100":{"start":{"line":197,"column":12},"end":{"line":197,"column":30}},"101":{"start":{"line":200,"column":4},"end":{"line":200,"column":16}},"102":{"start":{"line":203,"column":0},"end":{"line":268,"column":1}},"103":{"start":{"line":205,"column":4},"end":{"line":205,"column":40}},"104":{"start":{"line":206,"column":4},"end":{"line":206,"column":50}},"105":{"start":{"line":207,"column":4},"end":{"line":207,"column":44}},"106":{"start":{"line":208,"column":4},"end":{"line":208,"column":106}},"107":{"start":{"line":209,"column":4},"end":{"line":209,"column":108}},"108":{"start":{"line":210,"column":4},"end":{"line":210,"column":99}},"109":{"start":{"line":211,"column":4},"end":{"line":211,"column":61}},"110":{"start":{"line":212,"column":4},"end":{"line":212,"column":30}},"111":{"start":{"line":213,"column":4},"end":{"line":213,"column":29}},"112":{"start":{"line":215,"column":4},"end":{"line":219,"column":5}},"113":{"start":{"line":216,"column":6},"end":{"line":216,"column":28}},"114":{"start":{"line":218,"column":6},"end":{"line":218,"column":69}},"115":{"start":{"line":221,"column":4},"end":{"line":223,"column":5}},"116":{"start":{"line":222,"column":8},"end":{"line":222,"column":24}},"117":{"start":{"line":225,"column":4},"end":{"line":227,"column":5}},"118":{"start":{"line":226,"column":8},"end":{"line":226,"column":32}},"119":{"start":{"line":229,"column":4},"end":{"line":229,"column":39}},"120":{"start":{"line":231,"column":4},"end":{"line":231,"column":59}},"121":{"start":{"line":233,"column":4},"end":{"line":240,"column":5}},"122":{"start":{"line":234,"column":6},"end":{"line":238,"column":7}},"123":{"start":{"line":235,"column":8},"end":{"line":237,"column":11}},"124":{"start":{"line":236,"column":10},"end":{"line":236,"column":46}},"125":{"start":{"line":239,"column":6},"end":{"line":239,"column":45}},"126":{"start":{"line":242,"column":4},"end":{"line":242,"column":50}},"127":{"start":{"line":243,"column":4},"end":{"line":243,"column":43}},"128":{"start":{"line":244,"column":4},"end":{"line":244,"column":26}},"129":{"start":{"line":246,"column":4},"end":{"line":246,"column":41}},"130":{"start":{"line":247,"column":4},"end":{"line":249,"column":5}},"131":{"start":{"line":248,"column":8},"end":{"line":248,"column":75}},"132":{"start":{"line":252,"column":4},"end":{"line":266,"column":5}},"133":{"start":{"line":253,"column":8},"end":{"line":253,"column":18}},"134":{"start":{"line":254,"column":8},"end":{"line":264,"column":9}},"135":{"start":{"line":255,"column":12},"end":{"line":263,"column":13}},"136":{"start":{"line":256,"column":16},"end":{"line":256,"column":95}},"137":{"start":{"line":257,"column":16},"end":{"line":259,"column":17}},"138":{"start":{"line":258,"column":20},"end":{"line":258,"column":86}},"139":{"start":{"line":260,"column":16},"end":{"line":260,"column":54}},"140":{"start":{"line":262,"column":16},"end":{"line":262,"column":37}},"141":{"start":{"line":265,"column":6},"end":{"line":265,"column":49}},"142":{"start":{"line":267,"column":4},"end":{"line":267,"column":19}},"143":{"start":{"line":270,"column":0},"end":{"line":282,"column":1}},"144":{"start":{"line":271,"column":4},"end":{"line":281,"column":5}},"145":{"start":{"line":272,"column":8},"end":{"line":272,"column":53}},"146":{"start":{"line":273,"column":10},"end":{"line":281,"column":5}},"147":{"start":{"line":274,"column":8},"end":{"line":274,"column":57}},"148":{"start":{"line":275,"column":10},"end":{"line":281,"column":5}},"149":{"start":{"line":276,"column":8},"end":{"line":276,"column":58}},"150":{"start":{"line":277,"column":10},"end":{"line":281,"column":5}},"151":{"start":{"line":278,"column":8},"end":{"line":278,"column":59}},"152":{"start":{"line":280,"column":8},"end":{"line":280,"column":63}},"153":{"start":{"line":284,"column":0},"end":{"line":293,"column":1}},"154":{"start":{"line":285,"column":2},"end":{"line":287,"column":3}},"155":{"start":{"line":286,"column":6},"end":{"line":286,"column":26}},"156":{"start":{"line":288,"column":2},"end":{"line":290,"column":3}},"157":{"start":{"line":289,"column":4},"end":{"line":289,"column":31}},"158":{"start":{"line":291,"column":2},"end":{"line":291,"column":28}},"159":{"start":{"line":292,"column":2},"end":{"line":292,"column":15}},"160":{"start":{"line":295,"column":0},"end":{"line":302,"column":1}},"161":{"start":{"line":296,"column":4},"end":{"line":298,"column":5}},"162":{"start":{"line":297,"column":6},"end":{"line":297,"column":81}},"163":{"start":{"line":299,"column":4},"end":{"line":301,"column":7}},"164":{"start":{"line":300,"column":8},"end":{"line":300,"column":73}},"165":{"start":{"line":304,"column":0},"end":{"line":312,"column":1}},"166":{"start":{"line":305,"column":2},"end":{"line":311,"column":5}},"167":{"start":{"line":306,"column":8},"end":{"line":306,"column":39}},"168":{"start":{"line":307,"column":8},"end":{"line":309,"column":9}},"169":{"start":{"line":308,"column":10},"end":{"line":308,"column":22}},"170":{"start":{"line":310,"column":8},"end":{"line":310,"column":21}},"171":{"start":{"line":314,"column":0},"end":{"line":318,"column":1}},"172":{"start":{"line":315,"column":2},"end":{"line":317,"column":5}},"173":{"start":{"line":316,"column":6},"end":{"line":316,"column":83}},"174":{"start":{"line":320,"column":0},"end":{"line":345,"column":1}},"175":{"start":{"line":321,"column":2},"end":{"line":321,"column":48}},"176":{"start":{"line":322,"column":2},"end":{"line":322,"column":51}},"177":{"start":{"line":323,"column":2},"end":{"line":344,"column":3}},"178":{"start":{"line":325,"column":6},"end":{"line":325,"column":18}},"179":{"start":{"line":327,"column":6},"end":{"line":327,"column":32}},"180":{"start":{"line":329,"column":6},"end":{"line":335,"column":9}},"181":{"start":{"line":330,"column":8},"end":{"line":330,"column":49}},"182":{"start":{"line":331,"column":8},"end":{"line":333,"column":9}},"183":{"start":{"line":332,"column":10},"end":{"line":332,"column":25}},"184":{"start":{"line":334,"column":8},"end":{"line":334,"column":22}},"185":{"start":{"line":337,"column":6},"end":{"line":343,"column":9}},"186":{"start":{"line":338,"column":8},"end":{"line":338,"column":54}},"187":{"start":{"line":339,"column":8},"end":{"line":341,"column":9}},"188":{"start":{"line":340,"column":10},"end":{"line":340,"column":25}},"189":{"start":{"line":342,"column":8},"end":{"line":342,"column":22}},"190":{"start":{"line":347,"column":0},"end":{"line":355,"column":1}},"191":{"start":{"line":348,"column":2},"end":{"line":348,"column":14}},"192":{"start":{"line":349,"column":2},"end":{"line":353,"column":5}},"193":{"start":{"line":350,"column":6},"end":{"line":352,"column":7}},"194":{"start":{"line":351,"column":8},"end":{"line":351,"column":33}},"195":{"start":{"line":354,"column":2},"end":{"line":354,"column":13}},"196":{"start":{"line":357,"column":0},"end":{"line":394,"column":1}},"197":{"start":{"line":358,"column":4},"end":{"line":358,"column":72}},"198":{"start":{"line":359,"column":4},"end":{"line":359,"column":33}},"199":{"start":{"line":360,"column":4},"end":{"line":392,"column":5}},"200":{"start":{"line":361,"column":8},"end":{"line":361,"column":33}},"201":{"start":{"line":362,"column":8},"end":{"line":389,"column":9}},"202":{"start":{"line":363,"column":12},"end":{"line":363,"column":24}},"203":{"start":{"line":364,"column":14},"end":{"line":389,"column":9}},"204":{"start":{"line":365,"column":12},"end":{"line":365,"column":46}},"205":{"start":{"line":366,"column":12},"end":{"line":366,"column":45}},"206":{"start":{"line":367,"column":12},"end":{"line":367,"column":62}},"207":{"start":{"line":368,"column":12},"end":{"line":368,"column":96}},"208":{"start":{"line":369,"column":14},"end":{"line":389,"column":9}},"209":{"start":{"line":370,"column":12},"end":{"line":370,"column":53}},"210":{"start":{"line":371,"column":12},"end":{"line":373,"column":13}},"211":{"start":{"line":372,"column":12},"end":{"line":372,"column":36}},"212":{"start":{"line":374,"column":12},"end":{"line":374,"column":42}},"213":{"start":{"line":375,"column":14},"end":{"line":389,"column":9}},"214":{"start":{"line":376,"column":12},"end":{"line":376,"column":51}},"215":{"start":{"line":377,"column":12},"end":{"line":377,"column":70}},"216":{"start":{"line":378,"column":12},"end":{"line":378,"column":51}},"217":{"start":{"line":379,"column":12},"end":{"line":379,"column":58}},"218":{"start":{"line":380,"column":12},"end":{"line":380,"column":72}},"219":{"start":{"line":381,"column":12},"end":{"line":381,"column":59}},"220":{"start":{"line":382,"column":14},"end":{"line":389,"column":9}},"221":{"start":{"line":383,"column":12},"end":{"line":383,"column":61}},"222":{"start":{"line":384,"column":12},"end":{"line":384,"column":56}},"223":{"start":{"line":385,"column":12},"end":{"line":385,"column":71}},"224":{"start":{"line":386,"column":14},"end":{"line":389,"column":9}},"225":{"start":{"line":387,"column":12},"end":{"line":387,"column":51}},"226":{"start":{"line":388,"column":12},"end":{"line":388,"column":46}},"227":{"start":{"line":391,"column":8},"end":{"line":391,"column":42}},"228":{"start":{"line":393,"column":4},"end":{"line":393,"column":19}},"229":{"start":{"line":396,"column":0},"end":{"line":401,"column":1}},"230":{"start":{"line":397,"column":4},"end":{"line":399,"column":5}},"231":{"start":{"line":398,"column":8},"end":{"line":398,"column":68}},"232":{"start":{"line":400,"column":4},"end":{"line":400,"column":14}},"233":{"start":{"line":403,"column":0},"end":{"line":414,"column":1}},"234":{"start":{"line":404,"column":4},"end":{"line":406,"column":5}},"235":{"start":{"line":405,"column":6},"end":{"line":405,"column":48}},"236":{"start":{"line":407,"column":4},"end":{"line":407,"column":20}},"237":{"start":{"line":408,"column":4},"end":{"line":408,"column":35}},"238":{"start":{"line":409,"column":4},"end":{"line":412,"column":7}},"239":{"start":{"line":410,"column":8},"end":{"line":410,"column":33}},"240":{"start":{"line":411,"column":8},"end":{"line":411,"column":29}},"241":{"start":{"line":413,"column":4},"end":{"line":413,"column":18}},"242":{"start":{"line":416,"column":0},"end":{"line":445,"column":1}},"243":{"start":{"line":418,"column":4},"end":{"line":418,"column":29}},"244":{"start":{"line":419,"column":4},"end":{"line":419,"column":27}},"245":{"start":{"line":421,"column":4},"end":{"line":421,"column":415}},"246":{"start":{"line":423,"column":4},"end":{"line":423,"column":256}},"247":{"start":{"line":425,"column":5},"end":{"line":427,"column":5}},"248":{"start":{"line":426,"column":8},"end":{"line":426,"column":20}},"249":{"start":{"line":428,"column":4},"end":{"line":428,"column":16}},"250":{"start":{"line":430,"column":4},"end":{"line":439,"column":6}},"251":{"start":{"line":432,"column":12},"end":{"line":436,"column":13}},"252":{"start":{"line":433,"column":16},"end":{"line":433,"column":48}},"253":{"start":{"line":434,"column":18},"end":{"line":436,"column":13}},"254":{"start":{"line":435,"column":16},"end":{"line":435,"column":27}},"255":{"start":{"line":437,"column":12},"end":{"line":437,"column":22}},"256":{"start":{"line":441,"column":4},"end":{"line":443,"column":5}},"257":{"start":{"line":442,"column":8},"end":{"line":442,"column":19}},"258":{"start":{"line":444,"column":4},"end":{"line":444,"column":13}}},"branchMap":{"1":{"line":13,"type":"binary-expr","locations":[{"start":{"line":13,"column":11},"end":{"line":13,"column":15}},{"start":{"line":13,"column":19},"end":{"line":13,"column":22}}]},"2":{"line":15,"type":"binary-expr","locations":[{"start":{"line":15,"column":23},"end":{"line":15,"column":37}},{"start":{"line":15,"column":41},"end":{"line":15,"column":44}}]},"3":{"line":20,"type":"if","locations":[{"start":{"line":20,"column":4},"end":{"line":20,"column":4}},{"start":{"line":20,"column":4},"end":{"line":20,"column":4}}]},"4":{"line":26,"type":"if","locations":[{"start":{"line":26,"column":4},"end":{"line":26,"column":4}},{"start":{"line":26,"column":4},"end":{"line":26,"column":4}}]},"5":{"line":28,"type":"cond-expr","locations":[{"start":{"line":29,"column":16},"end":{"line":29,"column":64}},{"start":{"line":30,"column":16},"end":{"line":30,"column":48}}]},"6":{"line":32,"type":"cond-expr","locations":[{"start":{"line":33,"column":16},"end":{"line":33,"column":64}},{"start":{"line":34,"column":16},"end":{"line":34,"column":48}}]},"7":{"line":45,"type":"if","locations":[{"start":{"line":45,"column":8},"end":{"line":45,"column":8}},{"start":{"line":45,"column":8},"end":{"line":45,"column":8}}]},"8":{"line":46,"type":"cond-expr","locations":[{"start":{"line":47,"column":18},"end":{"line":47,"column":55}},{"start":{"line":48,"column":18},"end":{"line":48,"column":39}}]},"9":{"line":60,"type":"binary-expr","locations":[{"start":{"line":60,"column":11},"end":{"line":60,"column":15}},{"start":{"line":60,"column":19},"end":{"line":60,"column":22}}]},"10":{"line":62,"type":"binary-expr","locations":[{"start":{"line":62,"column":23},"end":{"line":62,"column":37}},{"start":{"line":62,"column":41},"end":{"line":62,"column":44}}]},"11":{"line":67,"type":"if","locations":[{"start":{"line":67,"column":4},"end":{"line":67,"column":4}},{"start":{"line":67,"column":4},"end":{"line":67,"column":4}}]},"12":{"line":73,"type":"if","locations":[{"start":{"line":73,"column":4},"end":{"line":73,"column":4}},{"start":{"line":73,"column":4},"end":{"line":73,"column":4}}]},"13":{"line":75,"type":"cond-expr","locations":[{"start":{"line":76,"column":16},"end":{"line":76,"column":64}},{"start":{"line":77,"column":16},"end":{"line":77,"column":48}}]},"14":{"line":79,"type":"cond-expr","locations":[{"start":{"line":80,"column":16},"end":{"line":80,"column":64}},{"start":{"line":81,"column":16},"end":{"line":81,"column":48}}]},"15":{"line":87,"type":"if","locations":[{"start":{"line":87,"column":8},"end":{"line":87,"column":8}},{"start":{"line":87,"column":8},"end":{"line":87,"column":8}}]},"16":{"line":88,"type":"cond-expr","locations":[{"start":{"line":89,"column":16},"end":{"line":89,"column":53}},{"start":{"line":90,"column":16},"end":{"line":90,"column":37}}]},"17":{"line":103,"type":"binary-expr","locations":[{"start":{"line":103,"column":11},"end":{"line":103,"column":15}},{"start":{"line":103,"column":19},"end":{"line":103,"column":22}}]},"18":{"line":105,"type":"binary-expr","locations":[{"start":{"line":105,"column":23},"end":{"line":105,"column":37}},{"start":{"line":105,"column":41},"end":{"line":105,"column":44}}]},"19":{"line":109,"type":"if","locations":[{"start":{"line":109,"column":4},"end":{"line":109,"column":4}},{"start":{"line":109,"column":4},"end":{"line":109,"column":4}}]},"20":{"line":116,"type":"if","locations":[{"start":{"line":116,"column":4},"end":{"line":116,"column":4}},{"start":{"line":116,"column":4},"end":{"line":116,"column":4}}]},"21":{"line":118,"type":"cond-expr","locations":[{"start":{"line":119,"column":16},"end":{"line":119,"column":64}},{"start":{"line":120,"column":16},"end":{"line":120,"column":48}}]},"22":{"line":122,"type":"cond-expr","locations":[{"start":{"line":123,"column":16},"end":{"line":123,"column":64}},{"start":{"line":124,"column":16},"end":{"line":124,"column":48}}]},"23":{"line":131,"type":"if","locations":[{"start":{"line":131,"column":8},"end":{"line":131,"column":8}},{"start":{"line":131,"column":8},"end":{"line":131,"column":8}}]},"24":{"line":132,"type":"cond-expr","locations":[{"start":{"line":133,"column":16},"end":{"line":133,"column":53}},{"start":{"line":134,"column":16},"end":{"line":134,"column":37}}]},"25":{"line":148,"type":"binary-expr","locations":[{"start":{"line":148,"column":11},"end":{"line":148,"column":15}},{"start":{"line":148,"column":19},"end":{"line":148,"column":22}}]},"26":{"line":150,"type":"binary-expr","locations":[{"start":{"line":150,"column":23},"end":{"line":150,"column":37}},{"start":{"line":150,"column":41},"end":{"line":150,"column":44}}]},"27":{"line":154,"type":"if","locations":[{"start":{"line":154,"column":4},"end":{"line":154,"column":4}},{"start":{"line":154,"column":4},"end":{"line":154,"column":4}}]},"28":{"line":161,"type":"if","locations":[{"start":{"line":161,"column":8},"end":{"line":161,"column":8}},{"start":{"line":161,"column":8},"end":{"line":161,"column":8}}]},"29":{"line":162,"type":"cond-expr","locations":[{"start":{"line":163,"column":16},"end":{"line":163,"column":53}},{"start":{"line":164,"column":16},"end":{"line":164,"column":37}}]},"30":{"line":176,"type":"if","locations":[{"start":{"line":176,"column":2},"end":{"line":176,"column":2}},{"start":{"line":176,"column":2},"end":{"line":176,"column":2}}]},"31":{"line":178,"type":"if","locations":[{"start":{"line":178,"colu
[...]
locations":[{"start":{"line":350,"column":9},"end":{"line":350,"column":35}},{"start":{"line":350,"column":39},"end":{"line":350,"column":63}}]},"70":{"line":360,"type":"if","locations":[{"start":{"line":360,"column":4},"end":{"line":360,"column":4}},{"start":{"line":360,"column":4},"end":{"line":360,"column":4}}]},"71":{"line":362,"type":"if","locations":[{"start":{"line":362,"column":8},"end":{"line":362,"column":8}},{"start":{"line":362,"column":8},"end":{"line":362,"column":8}}]},"72":{"line":364,"type":"if","locations":[{"start":{"line":364,"column":14},"end":{"line":364,"column":14}},{"start":{"line":364,"column":14},"end":{"line":364,"column":14}}]},"73":{"line":367,"type":"binary-expr","locations":[{"start":{"line":367,"column":35},"end":{"line":367,"column":55}},{"start":{"line":367,"column":59},"end":{"line":367,"column":61}}]},"74":{"line":369,"type":"if","locations":[{"start":{"line":369,"column":14},"end":{"line":369,"column":14}},{"start":{"line":369,"column":14},"end":{"line":369,"column":14}}]},"75":{"line":371,"type":"if","locations":[{"start":{"line":371,"column":12},"end":{"line":371,"column":12}},{"start":{"line":371,"column":12},"end":{"line":371,"column":12}}]},"76":{"line":375,"type":"if","locations":[{"start":{"line":375,"column":14},"end":{"line":375,"column":14}},{"start":{"line":375,"column":14},"end":{"line":375,"column":14}}]},"77":{"line":379,"type":"binary-expr","locations":[{"start":{"line":379,"column":33},"end":{"line":379,"column":51}},{"start":{"line":379,"column":55},"end":{"line":379,"column":57}}]},"78":{"line":380,"type":"binary-expr","locations":[{"start":{"line":380,"column":40},"end":{"line":380,"column":65}},{"start":{"line":380,"column":69},"end":{"line":380,"column":71}}]},"79":{"line":382,"type":"if","locations":[{"start":{"line":382,"column":14},"end":{"line":382,"column":14}},{"start":{"line":382,"column":14},"end":{"line":382,"column":14}}]},"80":{"line":386,"type":"if","locations":[{"start":{"line":386,"column":14},"end":{"line":386,"column":14}},{"start":{"line":386,"column":14},"end":{"line":386,"column":14}}]},"81":{"line":397,"type":"if","locations":[{"start":{"line":397,"column":4},"end":{"line":397,"column":4}},{"start":{"line":397,"column":4},"end":{"line":397,"column":4}}]},"82":{"line":404,"type":"if","locations":[{"start":{"line":404,"column":4},"end":{"line":404,"column":4}},{"start":{"line":404,"column":4},"end":{"line":404,"column":4}}]},"83":{"line":404,"type":"binary-expr","locations":[{"start":{"line":404,"column":7},"end":{"line":404,"column":12}},{"start":{"line":404,"column":16},"end":{"line":404,"column":41}}]},"84":{"line":418,"type":"binary-expr","locations":[{"start":{"line":418,"column":14},"end":{"line":418,"column":21}},{"start":{"line":418,"column":25},"end":{"line":418,"column":28}}]},"85":{"line":419,"type":"binary-expr","locations":[{"start":{"line":419,"column":14},"end":{"line":419,"column":19}},{"start":{"line":419,"column":23},"end":{"line":419,"column":26}}]},"86":{"line":425,"type":"if","locations":[{"start":{"line":425,"column":5},"end":{"line":425,"column":5}},{"start":{"line":425,"column":5},"end":{"line":425,"column":5}}]},"87":{"line":432,"type":"if","locations":[{"start":{"line":432,"column":12},"end":{"line":432,"column":12}},{"start":{"line":432,"column":12},"end":{"line":432,"column":12}}]},"88":{"line":434,"type":"if","locations":[{"start":{"line":434,"column":18},"end":{"line":434,"column":18}},{"start":{"line":434,"column":18},"end":{"line":434,"column":18}}]},"89":{"line":441,"type":"if","locations":[{"start":{"line":441,"column":4},"end":{"line":441,"column":4}},{"start":{"line":441,"column":4},"end":{"line":441,"column":4}}]}},"code":["","module.exports = {","    toObject        : toObject,","    toArray         : toArray,","    toColumnArray   : toColumnArray,","    toSchemaObject  : toSchemaObject,","    toCSV           : toCSV","}","","","function toColumnArray(data, opts){","","    opts = opts || { };","","    var delimiter   = (opts.delimiter || ',');","    var quote       = _getQuote(opts.quote);","    var content     = data;","    var headers     = null;","","    if(typeof(content) !== \"string\"){","        throw new Error(\"Invalid input, input data should be a string\");","    }","","    content         = content.split(/[\\n\\r]+/ig);","","    if(typeof(opts.headers) === \"string\"){","        headers = opts.headers.split(/[\\n\\r]+/ig);","        headers = quote ?","                _convertArray(headers.shift(), delimiter, quote) :","                headers.shift().split(delimiter);    ","    }else{","        headers = quote ?","                _convertArray(content.shift(), delimiter, quote) :","                content.shift().split(delimiter);    ","    }","    ","","    var hashData    = { };","","    headers.forEach(function(item){","        hashData[item] = [];","    });","","    content.forEach(function(item){","        if(item){","            item = quote ?","                  _convertArray(item, delimiter, quote) :","                  item.split(delimiter);","            item.forEach(function(val, index){","                hashData[headers[index]].push(_trimQuote(val));","            });","        }","    });","","    return hashData;","}","","function toObject(data, opts){","","    opts = opts || { };","","    var delimiter   = (opts.delimiter || ',');","    var quote       = _getQuote(opts.quote);","    var content     = data;","    var headers     = null;","","    if(typeof(content) !== \"string\"){","        throw new Error(\"Invalid input, input data should be a string\");","    }","","    content = content.split(/[\\n\\r]+/ig);","","    if(typeof(opts.headers) === \"string\"){","        headers = opts.headers.split(/[\\n\\r]+/ig);","        headers = quote ?","                _convertArray(headers.shift(), delimiter, quote) :","                headers.shift().split(delimiter);    ","    }else{","        headers = quote ?","                _convertArray(content.shift(), delimiter, quote) :","                content.shift().split(delimiter);    ","    }","","    var hashData = [ ];","","    content.forEach(function(item){","        if(item){","          item = quote ?","                _convertArray(item, delimiter, quote) :","                item.split(delimiter);","            var hashItem = { };","            headers.forEach(function(headerItem, index){","                hashItem[headerItem] = _trimQuote(item[index]);","            });","            hashData.push(hashItem);","        }","    });","    return hashData;","}","","function toSchemaObject(data, opts){","","    opts = opts || { };","","    var delimiter   = (opts.delimiter || ',');","    var quote       = _getQuote(opts.quote);","    var content     = data;","    var headers     = null;","    if(typeof(content) !== \"string\"){","        throw new Error(\"Invalid input, input should be a string\");","    }","","    content         = content.split(/[\\n\\r]+/ig);","","","    if(typeof(opts.headers) === \"string\"){","        headers = opts.headers.split(/[\\n\\r]+/ig);","        headers = quote ?","                _convertArray(headers.shift(), delimiter, quote) :","                headers.shift().split(delimiter);    ","    }else{","        headers = quote ?","                _convertArray(content.shift(), delimiter, quote) :","                content.shift().split(delimiter);    ","    }","    ","","    var hashData    = [ ];","","    content.forEach(function(item){","        if(item){","          item = quote ?","                _convertArray(item, delimiter, quote) :","                item.split(delimiter);","            var schemaObject = {};","            item.forEach(function(val, index){","                _putDataInSchema(headers[index], val, schemaObject , delimiter, quote);","            });","            hashData.push(schemaObject);","        }","    });","","    return hashData;","}","","function toArray(data, opts){","","    opts = opts || { };","","    var delimiter   = (opts.delimiter || ',');","    var quote       = _getQuote(opts.quote);","    var content     = data;","","    if(typeof(content) !== \"string\"){","        throw new Error(\"Invalid input, input data should be a string\");","    }","","    content = content.split(/[\\n\\r]+/ig);","    var arrayData = [ ];","    content.forEach(function(item){","        if(item){","            item = quote ?","                _convertArray(item, delimiter, quote) :","                item.split(delimiter);","","            item = item.map(function(cItem){","                return _trimQuote(cItem);","            });","            arrayData.push(item);","        }","    });","    return arrayData;","}","","function _getQuote(q){","  if(typeof(q) === \"string\"){","    return q;","  }else if(q === true){","    return '\"';","  }","  return null;","}","","function _dataType(arg) {","    if (arg === null) {","        return 'null';","    }","    else if (arg && (arg.nodeType === 1 || arg.nodeType === 9)) {","        return 'element';","    }","    var type = (Object.prototype.toString.call(arg)).match(/\\[object (.*?)\\]/)[1].toLowerCase();","    if (type === 'number') {","        if (isNaN(arg)) {","            return 'nan';","        }","        if (!isFinite(arg)) {","            return 'infinity';","        }","    }","    return type;","}","","function toCSV(data, opts){","","    opts                = (opts || { });","    opts.delimiter      = (opts.delimiter || ',');","    opts.wrap           = (opts.wrap || '');","    opts.arrayDenote    = (opts.arrayDenote && String(opts.arrayDenote).trim() ? opts.arrayDenote : '[]');","    opts.objectDenote   = (opts.objectDenote && String(opts.objectDenote).trim() ? opts.objectDenote : '.');","    opts.detailedOutput = (typeof(opts.detailedOutput) !== \"boolean\" ? true : opts.detailedOutput);","    opts.headers        = String(opts.headers).toLowerCase();","    var csvJSON         = { };","    var csvData         = \"\";","","    if(!opts.headers.match(/none|full|relative|key/)){","      opts.headers = 'full';","    }else{","      opts.headers = opts.headers.match(/none|full|relative|key/)[0];","    }","","    if(opts.wrap === true){","        opts.wrap = '\"';","    }","","    if(typeof(data) === \"string\"){","        data = JSON.parse(data);","    }","","    _toCsv(data, csvJSON, \"\", 0, opts);","","    var headers = _getHeaders(opts.headers, csvJSON, opts);","","    if(headers){","      if(opts.wrap){","        headers = headers.map(function(item){","          return opts.wrap + item + opts.wrap;","        });","      }","      csvData = headers.join(opts.delimiter);","    }","","    var bigArrayLen = _getBigArrayLength(csvJSON);","    var keys        = Object.keys(csvJSON);","    var row         = [ ];","","    var replaceNewLinePattern = /\\n|\\r/g;","    if(!opts.wrap){","        replaceNewLinePattern = new RegExp('\\n|\\r|' + opts.delimiter, 'g');","    }","","","    for(var i = 0; i < bigArrayLen; i++){","        row = [ ];","        for(var j = 0; j < keys.length; j++){","            if(csvJSON[keys[j]][i]){","                csvJSON[keys[j]][i] = csvJSON[keys[j]][i].replace(replaceNewLinePattern, '\\t');","                if(opts.wrap){","                    csvJSON[keys[j]][i] = opts.wrap + csvJSON[keys[j]][i] + opts.wrap;","                }","                row[row.length] = csvJSON[keys[j]][i];","            }else{","                row[row.length] = \"\";","            }","        }","      csvData += '\\n' + row.join(opts.delimiter);","    }","    return csvData;","}","","function _toCsv(data, table, parent, row, opt){","    if(_dataType(data) === 'undefined'){","        return _putData('', table, parent, row, opt);","    }else if(_dataType(data) === 'null'){","        return _putData('null', table, parent, row, opt);","    }else if(Array.isArray(data)){","        return _arrayToCsv(data, table, parent, row, opt);","    }else if(typeof(data) === \"object\"){","        return _objectToCsv(data, table, parent, row, opt);","    }else{","        return _putData(String(data), table, parent, row, opt);","    }","}","","function _putData(data, table, parent, row, opt){","  if(!table || !table[parent]){","      table[parent] = [ ];","  }","  if(row < table[parent].length){","    row = table[parent].length;","  }","  table[parent][row] = data;","  return table;","}","","function _arrayToCsv(data, table, parent, row, opt){","    if(_doesNotContainsObjectAndArray(data)){","      return _putData(data.join(';'), table, parent + opt.arrayDenote, row, opt);","    }","    data.forEach(function(item, index){","        return _toCsv(item, table, parent + opt.arrayDenote, index, opt);","    });","}","","function _doesNotContainsObjectAndArray(array){","  return array.every(function(item){","        var datatype = _dataType(item);","        if(!datatype.match(/array|object/)){","          return true;","        }","        return false;","  });","}","","function _objectToCsv(data, table, parent, row, opt){","  Object.keys(data).forEach(function(item){","      return _toCsv(data[item], table, parent + opt.objectDenote + item, row, opt);","  });","}","","function _getHeaders(headerType, table, opt){","  var keyMatchPattern       = /([\\w\\s_\\[\\]]+)$/;","  var relativeMatchPattern  = /\\[\\]\\.?([^\\[\\]]+)$/;","  switch(headerType){","    case \"none\":","      return null;","    case \"full\":","      return Object.keys(table);","    case \"key\":","      return Object.keys(table).map(function(header){","        var head = header.match(keyMatchPattern);","        if(head && head.length === 2){","          return head[1];","        }","        return header;","      });","    case \"relative\":","      return Object.keys(table).map(function(header){","        var head = header.match(relativeMatchPattern);","        if(head && head.length === 2){","          return head[1];","        }","        return header;","      });","  }","}","","function _getBigArrayLength(table){","  var len = 0;","  Object.keys(table).forEach(function(item){","      if(Array.isArray(table[item]) && table[item].length > len){","        len = table[item].length;","      }","  });","  return len;","}","","function _putDataInSchema(header, item, schema, delimiter, quote){","    var match = header.match(/\\[*[\\d]\\]\\.(\\w+)|\\.|\\[\\]|\\[(.)\\]|-|\\+/ig);","    var headerName, currentPoint;","    if(match){","        var testMatch = match[0];","        if(match.indexOf('-') !== -1){","            return true;","        }else if(match.indexOf('.') !== -1){","            var headParts = header.split('.');","            currentPoint = headParts.shift();","            schema[currentPoint] = schema[currentPoint] || {};","            _putDataInSchema(headParts.join('.'), item, schema[currentPoint], delimiter, quote);","        }else if(match.indexOf('[]') !== -1){","            headerName = header.replace(/\\[\\]/ig,'');","            if(!schema[headerName]){","            schema[headerName] = [];","            }","            schema[headerName].push(item);","        }else if(/\\[*[\\d]\\]\\.(\\w+)/.test(testMatch)){","            headerName = header.split('[').shift();","            var index = parseInt(testMatch.match(/\\[(.)\\]/).pop(),10);","            currentPoint = header.split('.').pop();","            schema[headerName] = schema[headerName] || [];","            schema[headerName][index] = schema[headerName][index] || {};","            schema[headerName][index][currentPoint] = item;","        }else if(/\\[(.)\\]/.test(testMatch)){","            var delimiter = testMatch.match(/\\[(.)\\]/).pop();","            headerName = header.replace(/\\[(.)\\]/ig,'');","            schema[headerName] = _convertArray(item, delimiter, quote);","        }else if(match.indexOf('+') !== -1){","            headerName = header.replace(/\\+/ig,\"\");","            schema[headerName] = Number(item);","        }","    }else{","        schema[header] = _trimQuote(item);","    }","    return schema ;","}","","function _trimQuote(str){","    if(str){","        return String(str).trim().replace(/^[\"|'](.*)[\"|']$/, '$1');   ","    }","    return \"\";","}","","function _convertArray(str, delimiter, quote) {","    if(quote && str.indexOf(quote) !== -1){","      return _csvToArray(str, delimiter, quote);","    }","    var output = [];","    var arr = str.split(delimiter);","    arr.forEach(function(val) {","        var trimmed = val.trim();","        output.push(trimmed);","    });","    return output;","}","","function _csvToArray(text, delimit, quote) {","","    delimit = delimit || \",\";","    quote   = quote || '\"';","","    var validate = new RegExp(\"^\\\\s*(?:\" +  quote + \"[^\" +  quote + \"\\\\\\\\]*(?:\\\\\\\\[\\\\S\\\\s][^\" +  quote + \"\\\\\\\\]*)*\" +  quote + \"|[^\" +  delimit  +  quote + \"\\\\s\\\\\\\\]*(?:\\\\s+[^\" +  delimit  +  quote + \"\\\\s\\\\\\\\]+)*)\\\\s*(?:\" +  delimit + \"\\\\s*(?:\" +  quote + \"[^\" +  quote + \"\\\\\\\\]*(?:\\\\\\\\[\\\\S\\\\s][^\" +  quote + \"\\\\\\\\]*)*\" +  quote + \"|[^,\" +  quote + \"\\\\s\\\\\\\\]*(?:\\\\s+[^\" +  delimit +  quote + \"\\\\s\\\\\\\\]+)*)\\\\s*)*$\");","","    var value = new RegExp(\"(?!\\\\s*$)\\\\s*(?:\" +  quote + \"([^\" +  quote + \"\\\\\\\\]*(?:\\\\\\\\[\\\\S\\\\s][^\" +  quote + \"\\\\\\\\]*)*)\" +  quote + \"|([^\" +  delimit  +  quote + \"\\\\s\\\\\\\\]*(?:\\\\s+[^\" +  delimit  +  quote + \"\\\\s\\\\\\\\]+)*))\\\\s*(?:\" +  delimit + \"|$)\", \"g\");","","     if (!validate.test(text)){","        return null;","    }","    var a = [ ];","","    text.replace(value,","        function(m0, m1, m2) {","            if(m1 !== undefined){","                a.push(m1.replace(/\\\\'/g, \"'\"));","            }else if(m2 !== undefined){","                a.push(m2);","            }","            return '';","        }","    );","","    if (/,\\s*$/.test(text)){","        a.push('');","    }","    return a;","}",""],"l":{"2":1,"11":1,"13":0,"15":0,"16":0,"17":0,"18":0,"20":0,"21":0,"24":0,"26":0,"27":0,"28":0,"32":0,"38":0,"40":0,"41":0,"44":0,"45":0,"46":0,"49":0,"50":0,"55":0,"58":1,"60":0,"62":0,"63":0,"64":0,"65":0,"67":0,"68":0,"71":0,"73":0,"74":0,"75":0,"79":0,"84":0,"86":0,"87":0,"88":0,"91":0,"92":0,"93":0,"95":0,"98":0,"101":1,"103":0,"105":0,"106":0,"107":0,"108":0,"109":0,"110":0,"113":0,"116":0,"117":0,"118":0,"122":0,"128":0,"130":0,"131":0,"132":0,"135":0,"136":0,"137":0,"139":0,"143":0,"146":1,"148":0,"150":0,"151":0,"152":0,"154":0,"155":0,"158":0,"159":0,"160":0,"161":0,"162":0,"166":0,"167":0,"169":0,"172":0,"175":1,"176":0,"177":0,"178":0,"179":0,"181":0,"184":1,"185":0,"186":0,"188":0,"189":0,"191":0,"192":0,"193":0,"194":0,"196":0,"197":0,"200":0,"203":1,"205":0,"206":0,"207":0,"208":0,"209":0,"210":0,"211":0,"212":0,"213":0,"215":0,"216":0,"218":0,"221":0,"222":0,"225":0,"226":0,"229":0,"231":0,"233":0,"234":0,"235":0,"236":0,"239":0,"242":0,"243":0,"244":0,"246":0,"247":0,"248":0,"252":0,"253":0,"254":0,"255":0,"256":0,"257":0,"258":0,"260":0,"262":0,"265":0,"267":0,"270":1,"271":0,"272":0,"273":0,"274":0,"275":0,"276":0,"277":0,"278":0,"280":0,"284":1,"285":0,"286":0,"288":0,"289":0,"291":0,"292":0,"295":1,"296":0,"297":0,"299":0,"300":0,"304":1,"305":0,"306":0,"307":0,"308":0,"310":0,"314":1,"315":0,"316":0,"320":1,"321":0,"322":0,"323":0,"325":0,"327":0,"329":0,"330":0,"331":0,"332":0,"334":0,"337":0,"338":0,"339":0,"340":0,"342":0,"347":1,"348":0,"349":0,"350":0,"351":0,"354":0,"357":1,"358":0,"359":0,"360":0,"361":0,"362":0,"363":0,"364":0,"365":0,"366":0,"367":0,"368":0,"369":0,"370":0,"371":0,"372":0,"374":0,"375":0,"376":0,"377":0,"378":0,"379":0,"380":0,"381":0,"382":0,"383":0,"384":0,"385":0,"386":0,"387":0,"388":0,"391":0,"393":0,"396":1,"397":0,"398":0,"400":0,"403":1,"404":0,"405":0,"407":0,"408":0,"409":0,"410":0,"411":0,"413":0,"416":1,"418":0,"419":0,"421":0,"423":0,"425":0,"426":0,"428":0,"430":0,"432":0,"433":0,"434":0,"435":0,"437":0,"441":0,"442":0,"444":0}}}